<?xml version="1.0" encoding="UTF-8" ?>
<testsuites name="vitest tests" tests="15" failures="2" errors="0" time="79.556">
    <testsuite name="tests/integration/enhanced-reporting.test.js" timestamp="2025-09-01T23:07:52.704Z" hostname="Mini_IT13" tests="15" failures="2" errors="0" skipped="0" time="78.6048679">
        <testcase classname="tests/integration/enhanced-reporting.test.js" name="Enhanced Reporting System &gt; Phase 1: Critical Enhancements &gt; should run complete analysis with enhanced data" time="26.8632366">
            <system-out>
🎯 Analyzing context7-mcp-test project quality...
══════════════════════════════════════════════════════════


✅ Analysis complete!

            </system-out>
        </testcase>
        <testcase classname="tests/integration/enhanced-reporting.test.js" name="Enhanced Reporting System &gt; Phase 1: Critical Enhancements &gt; should integrate real npm audit data" time="0.0038822">
            <system-out>
✅ npm audit integration working: { total: [33m6[39m, critical: [33m0[39m, high: [33m0[39m, moderate: [33m6[39m, low: [33m0[39m }

            </system-out>
        </testcase>
        <testcase classname="tests/integration/enhanced-reporting.test.js" name="Enhanced Reporting System &gt; Phase 1: Critical Enhancements &gt; should integrate real ESLint analysis" time="0.0007445">
            <system-out>
✅ ESLint integration working: {
  errors: [33m256[39m,
  warnings: [33m2[39m,
  topRules: [ [32m&apos;indent&apos;[39m, [32m&apos;no-undef&apos;[39m, [32m&apos;unknown&apos;[39m ]
}

            </system-out>
        </testcase>
        <testcase classname="tests/integration/enhanced-reporting.test.js" name="Enhanced Reporting System &gt; Phase 1: Critical Enhancements &gt; should integrate real coverage metrics" time="0.0001756">
            <system-out>
ℹ️ Coverage data not available (no coverage tool configured)

            </system-out>
        </testcase>
        <testcase classname="tests/integration/enhanced-reporting.test.js" name="Enhanced Reporting System &gt; Phase 2: Advanced Enhancements &gt; should perform bundle analysis" time="0.0003367">
            <system-out>
✅ Bundle analysis working: {
  totalSize: [32m&apos;270KB&apos;[39m,
  chunks: [33m1[39m,
  heaviest: [32m&apos;N/A&apos;[39m,
  isEstimate: [32m&apos;actual&apos;[39m
}

            </system-out>
        </testcase>
        <testcase classname="tests/integration/enhanced-reporting.test.js" name="Enhanced Reporting System &gt; Phase 2: Advanced Enhancements &gt; should generate actionable recommendations" time="0.0007237">
            <system-out>
✅ Data-driven recommendations found: {
  suggestion: [32m&apos;Fix 256 ESLint errors&apos;[39m,
  impact: [33m4[39m,
  priority: [32m&apos;critical&apos;[39m,
  specificIssues: [ [32m&apos;indent: 226 violations&apos;[39m, [32m&apos;no-undef: 26 violations&apos;[39m ]
}
✅ Executable recommendations found: {
  suggestion: [32m&apos;Fix 256 ESLint errors&apos;[39m,
  commands: [ [32m&apos;npx eslint --fix .&apos;[39m ]
}
✅ Generated 9 recommendations

            </system-out>
        </testcase>
        <testcase classname="tests/integration/enhanced-reporting.test.js" name="Enhanced Reporting System &gt; Phase 2: Advanced Enhancements &gt; should track quality history" time="0.0440754">
            <system-out>
✅ Quality history working: { currentScore: [33m74[39m, grade: [32m&apos;C&apos;[39m, isFirstRun: [33mfalse[39m, categories: [33m7[39m }

            </system-out>
        </testcase>
        <testcase classname="tests/integration/enhanced-reporting.test.js" name="Enhanced Reporting System &gt; HTML Report Generation &gt; should generate enhanced HTML report" time="0.0162808">
            <system-out>
✅ HTML report generated successfully

            </system-out>
        </testcase>
        <testcase classname="tests/integration/enhanced-reporting.test.js" name="Enhanced Reporting System &gt; HTML Report Generation &gt; should contain enhanced data sections in HTML" time="0.0218588">
            <failure message="expected &apos;&lt;!DOCTYPE html&gt;\n&lt;html lang=&quot;en&quot;&gt;\n&lt;h…&apos; to contain &apos;enhancedData&apos;" type="AssertionError">
AssertionError: expected &apos;&lt;!DOCTYPE html&gt;\n&lt;html lang=&quot;en&quot;&gt;\n&lt;h…&apos; to contain &apos;enhancedData&apos;

- Expected
+ Received

- enhancedData
+ &lt;!DOCTYPE html&gt;
+ &lt;html lang=&quot;en&quot;&gt;
+ &lt;head&gt;
+     &lt;meta charset=&quot;UTF-8&quot;&gt;
+     &lt;meta name=&quot;viewport&quot; content=&quot;width=device-width, initial-scale=1.0&quot;&gt;
+     &lt;title&gt;Context7 Quality Dashboard - context7-mcp-test&lt;/title&gt;
+     &lt;link href=&quot;https://cdnjs.cloudflare.com/ajax/libs/font-awesome/6.4.0/css/all.min.css&quot; rel=&quot;stylesheet&quot;&gt;
+     &lt;script src=&quot;https://cdn.jsdelivr.net/npm/chart.js&quot;&gt;&lt;/script&gt;
+     &lt;style&gt;
+         :root {
+             --bg-primary: #0f172a;
+             --bg-secondary: #1e293b;
+             --bg-tertiary: #334155;
+             --text-primary: #f8fafc;
+             --text-secondary: #cbd5e1;
+             --text-muted: #64748b;
+             --accent-primary: #3b82f6;
+             --accent-secondary: #8b5cf6;
+             --success: #10b981;
+             --warning: #f59e0b;
+             --error: #ef4444;
+             --border: #475569;
+             --shadow: rgba(0, 0, 0, 0.3);
+             --glass-bg: rgba(255, 255, 255, 0.05);
+             --glass-border: rgba(255, 255, 255, 0.1);
+         }
+         
+         [data-theme=&quot;light&quot;] {
+             --bg-primary: #ffffff;
+             --bg-secondary: #f8fafc;
+             --bg-tertiary: #e2e8f0;
+             --text-primary: #1e293b;
+             --text-secondary: #475569;
+             --text-muted: #64748b;
+             --border: #e2e8f0;
+             --shadow: rgba(0, 0, 0, 0.1);
+             --glass-bg: rgba(255, 255, 255, 0.8);
+             --glass-border: rgba(0, 0, 0, 0.1);
+         }
+         
+         * {
+             margin: 0;
+             padding: 0;
+             box-sizing: border-box;
+         }
+         
+         body {
+             font-family: &apos;Inter&apos;, -apple-system, BlinkMacSystemFont, &apos;Segoe UI&apos;, Roboto, sans-serif;
+             line-height: 1.6;
+             color: var(--text-primary);
+             background: var(--bg-primary);
+             min-height: 100vh;
+             transition: all 0.3s ease;
+         }
+         
+         .dashboard {
+             display: grid;
+             grid-template-columns: 280px 1fr;
+             min-height: 100vh;
+             gap: 0;
+         }
+         
+         .sidebar {
+             background: var(--bg-secondary);
+             padding: 2rem;
+             border-right: 1px solid var(--border);
+             position: sticky;
+             top: 0;
+             height: 100vh;
+             overflow-y: auto;
+         }
+         
+         .logo {
+             display: flex;
+             align-items: center;
+             gap: 0.75rem;
+             margin-bottom: 3rem;
+             font-size: 1.25rem;
+             font-weight: 700;
+             color: var(--text-primary);
+         }
+         
+         .nav-menu {
+             list-style: none;
+         }
+         
+         .nav-item {
+             margin-bottom: 0.5rem;
+         }
+         
+         .nav-link {
+             display: flex;
+             align-items: center;
+             gap: 0.75rem;
+             padding: 0.75rem 1rem;
+             color: var(--text-secondary);
+             text-decoration: none;
+             border-radius: 0.5rem;
+             transition: all 0.2s ease;
+             cursor: pointer;
+         }
+         
+         .nav-link:hover, .nav-link.active {
+             background: var(--glass-bg);
+             color: var(--text-primary);
+             backdrop-filter: blur(10px);
+         }
+         
+         .main-content {
+             padding: 2rem;
+             overflow-x: hidden;
+         }
+         
+         .header-section {
+             margin-bottom: 3rem;
+         }
+         
+         .header-top {
+             display: flex;
+             justify-content: space-between;
+             align-items: center;
+             margin-bottom: 2rem;
+         }
+         
+         .project-title {
+             font-size: 2.5rem;
+             font-weight: 800;
+             background: linear-gradient(135deg, var(--accent-primary), var(--accent-secondary));
+             -webkit-background-clip: text;
+             -webkit-text-fill-color: transparent;
+             background-clip: text;
+         }
+         
+         .controls {
+             display: flex;
+             gap: 1rem;
+             align-items: center;
+         }
+         
+         .theme-toggle {
+             background: var(--glass-bg);
+             border: 1px solid var(--glass-border);
+             color: var(--text-primary);
+             padding: 0.5rem;
+             border-radius: 0.5rem;
+             cursor: pointer;
+             backdrop-filter: blur(10px);
+             transition: all 0.2s ease;
+         }
+         
+         .theme-toggle:hover {
+             background: var(--bg-tertiary);
+         }
+         
+         .search-box {
+             background: var(--glass-bg);
+             border: 1px solid var(--glass-border);
+             color: var(--text-primary);
+             padding: 0.75rem 1rem 0.75rem 2.5rem;
+             border-radius: 0.75rem;
+             backdrop-filter: blur(10px);
+             min-width: 300px;
+             transition: all 0.2s ease;
+         }
+         
+         .search-container {
+             position: relative;
+         }
+         
+         .search-icon {
+             position: absolute;
+             left: 0.75rem;
+             top: 50%;
+             transform: translateY(-50%);
+             color: var(--text-muted);
+         }
+         
+         .hero-stats {
+             display: grid;
+             grid-template-columns: 1fr 2fr 1fr;
+             gap: 2rem;
+             align-items: center;
+             background: var(--glass-bg);
+             backdrop-filter: blur(20px);
+             border: 1px solid var(--glass-border);
+             border-radius: 1.5rem;
+             padding: 3rem;
+             margin-bottom: 3rem;
+         }
+         
+         .score-visual {
+             text-align: center;
+         }
+         
+         .score-circle {
+             position: relative;
+             width: 160px;
+             height: 160px;
+             margin: 0 auto 1rem;
+         }
+         
+         .chart-container {
+             position: relative;
+             height: 300px;
+         }
+         
+         .stats-grid {
+             display: grid;
+             grid-template-columns: repeat(2, 1fr);
+             gap: 1rem;
+         }
+         
+         .stat-item {
+             text-align: center;
+             padding: 1rem;
+             background: var(--glass-bg);
+             border-radius: 1rem;
+             backdrop-filter: blur(10px);
+         }
+         
+         .stat-value {
+             font-size: 2rem;
+             font-weight: 800;
+             color: var(--accent-primary);
+         }
+         
+         .stat-label {
+             color: var(--text-muted);
+             font-size: 0.875rem;
+             margin-top: 0.25rem;
+         }
+         
+         .categories-section {
+             margin-bottom: 3rem;
+         }
+         
+         .section-title {
+             font-size: 1.75rem;
+             font-weight: 700;
+             margin-bottom: 1.5rem;
+             display: flex;
+             align-items: center;
+             gap: 0.75rem;
+         }
+         
+         .categories-grid {
+             display: grid;
+             grid-template-columns: repeat(auto-fit, minmax(400px, 1fr));
+             gap: 1.5rem;
+         }
+         
+         .category-card {
+             background: var(--glass-bg);
+             backdrop-filter: blur(20px);
+             border: 1px solid var(--glass-border);
+             border-radius: 1rem;
+             padding: 1.5rem;
+             transition: all 0.3s ease;
+             cursor: pointer;
+             position: relative;
+             overflow: hidden;
+         }
+         
+         .category-card:hover {
+             transform: translateY(-4px);
+             box-shadow: 0 20px 40px var(--shadow);
+         }
+         
+         .category-card::before {
+             content: &apos;&apos;;
+             position: absolute;
+             top: 0;
+             left: 0;
+             right: 0;
+             height: 4px;
+             background: linear-gradient(90deg, var(--accent-primary), var(--accent-secondary));
+         }
+         
+         .category-card.excellent::before { background: linear-gradient(90deg, #10b981, #059669); }
+         .category-card.good::before { background: linear-gradient(90deg, #3b82f6, #2563eb); }
+         .category-card.warning::before { background: linear-gradient(90deg, #f59e0b, #d97706); }
+         .category-card.poor::before { background: linear-gradient(90deg, #ef4444, #dc2626); }
+         
+         .category-header {
+             display: flex;
+             justify-content: space-between;
+             align-items: flex-start;
+             margin-bottom: 1rem;
+         }
+         
+         .category-info {
+             flex: 1;
+         }
+         
+         .category-name {
+             font-size: 1.125rem;
+             font-weight: 600;
+             color: var(--text-primary);
+             margin-bottom: 0.25rem;
+         }
+         
+         .category-description {
+             color: var(--text-muted);
+             font-size: 0.875rem;
+         }
+         
+         .category-score-display {
+             text-align: right;
+         }
+         
+         .score-number {
+             font-size: 2rem;
+             font-weight: 800;
+             color: var(--text-primary);
+         }
+         
+         .score-max {
+             color: var(--text-muted);
+             font-size: 1rem;
+         }
+         
+         .progress-section {
+             margin: 1.5rem 0;
+         }
+         
+         .progress-bar {
+             width: 100%;
+             height: 12px;
+             background: var(--bg-tertiary);
+             border-radius: 6px;
+             overflow: hidden;
+             margin: 0.75rem 0;
+             position: relative;
+         }
+         
+         .progress-fill {
+             height: 100%;
+             border-radius: 6px;
+             background: linear-gradient(90deg, var(--accent-primary), var(--accent-secondary));
+             transition: width 1s ease;
+             position: relative;
+             overflow: hidden;
+         }
+         
+         .progress-fill::after {
+             content: &apos;&apos;;
+             position: absolute;
+             top: 0;
+             left: -100%;
+             width: 100%;
+             height: 100%;
+             background: linear-gradient(90deg, transparent, rgba(255,255,255,0.3), transparent);
+             animation: shimmer 2s infinite;
+         }
+         
+         @keyframes shimmer {
+             0% { left: -100%; }
+             100% { left: 100%; }
+         }
+         
+         .progress-excellent .progress-fill { background: linear-gradient(90deg, #10b981, #059669); }
+         .progress-good .progress-fill { background: linear-gradient(90deg, #3b82f6, #2563eb); }
+         .progress-warning .progress-fill { background: linear-gradient(90deg, #f59e0b, #d97706); }
+         .progress-poor .progress-fill { background: linear-gradient(90deg, #ef4444, #dc2626); }
+         
+         .progress-labels {
+             display: flex;
+             justify-content: space-between;
+             align-items: center;
+         }
+         
+         .progress-percentage {
+             font-weight: 600;
+             color: var(--text-primary);
+         }
+         
+         .expand-toggle {
+             background: none;
+             border: none;
+             color: var(--text-muted);
+             cursor: pointer;
+             padding: 0.25rem;
+             border-radius: 0.25rem;
+             transition: all 0.2s ease;
+         }
+         
+         .expand-toggle:hover {
+             background: var(--bg-tertiary);
+             color: var(--text-primary);
+         }
+         
+         .category-details {
+             margin-top: 1rem;
+             padding-top: 1rem;
+             border-top: 1px solid var(--border);
+             display: none;
+         }
+         
+         .category-details.expanded {
+             display: block;
+             animation: slideDown 0.3s ease;
+         }
+         
+         @keyframes slideDown {
+             from {
+                 opacity: 0;
+                 transform: translateY(-10px);
+             }
+             to {
+                 opacity: 1;
+                 transform: translateY(0);
+             }
+         }
+         
+         .issues-section {
+             margin-top: 1rem;
+         }
+         
+         .issues-header {
+             font-weight: 600;
+             margin-bottom: 0.75rem;
+             color: var(--text-primary);
+             display: flex;
+             align-items: center;
+             gap: 0.5rem;
+         }
+         
+         .issues-list {
+             display: flex;
+             flex-direction: column;
+             gap: 0.5rem;
+         }
+         
+         .issue-item {
+             background: var(--bg-tertiary);
+             border: 1px solid var(--border);
+             border-radius: 0.5rem;
+             padding: 0.75rem;
+             font-size: 0.875rem;
+             color: var(--text-secondary);
+             display: flex;
+             align-items: flex-start;
+             gap: 0.5rem;
+         }
+         
+         .issue-icon {
+             color: var(--error);
+             margin-top: 0.125rem;
+         }
+         
+         .recommendations-grid {
+             display: grid;
+             grid-template-columns: repeat(auto-fit, minmax(350px, 1fr));
+             gap: 1.5rem;
+             margin-top: 1.5rem;
+         }
+         
+         .recommendation-card {
+             background: var(--glass-bg);
+             backdrop-filter: blur(20px);
+             border: 1px solid var(--glass-border);
+             border-radius: 1rem;
+             padding: 1.5rem;
+             transition: all 0.3s ease;
+             position: relative;
+         }
+         
+         .recommendation-card:hover {
+             transform: translateY(-2px);
+             box-shadow: 0 10px 30px var(--shadow);
+         }
+         
+         .rec-header {
+             display: flex;
+             justify-content: space-between;
+             align-items: center;
+             margin-bottom: 1rem;
+         }
+         
+         .rec-priority {
+             background: var(--accent-primary);
+             color: white;
+             padding: 0.25rem 0.75rem;
+             border-radius: 1rem;
+             font-size: 0.875rem;
+             font-weight: 600;
+         }
+         
+         .rec-impact {
+             background: var(--success);
+             color: white;
+             padding: 0.25rem 0.75rem;
+             border-radius: 1rem;
+             font-size: 0.875rem;
+             font-weight: 600;
+         }
+         
+         .rec-title {
+             font-weight: 600;
+             font-size: 1.125rem;
+             color: var(--text-primary);
+             margin-bottom: 0.5rem;
+         }
+         
+         .rec-desc {
+             color: var(--text-secondary);
+             margin-bottom: 1rem;
+             line-height: 1.5;
+         }
+         
+         .rec-category {
+             color: var(--text-muted);
+             font-size: 0.875rem;
+             font-weight: 500;
+         }
+         
+         @media (max-width: 768px) {
+             .dashboard {
+                 grid-template-columns: 1fr;
+             }
+             
+             .sidebar {
+                 display: none;
+             }
+             
+             .hero-stats {
+                 grid-template-columns: 1fr;
+                 gap: 1.5rem;
+                 text-align: center;
+             }
+             
+             .categories-grid {
+                 grid-template-columns: 1fr;
+             }
+             
+             .search-box {
+                 min-width: 200px;
+             }
+         }
+         
+         @media print {
+             .sidebar,
+             .controls,
+             .nav-menu {
+                 display: none;
+             }
+             
+             .dashboard {
+                 grid-template-columns: 1fr;
+             }
+             
+             body {
+                 background: white;
+                 color: black;
+             }
+         }
+     &lt;/style&gt;
+ &lt;/head&gt;
+ &lt;body data-theme=&quot;dark&quot;&gt;
+     &lt;div class=&quot;dashboard&quot;&gt;
+         &lt;nav class=&quot;sidebar&quot;&gt;
+             &lt;div class=&quot;logo&quot;&gt;
+                 &lt;i class=&quot;fas fa-chart-line&quot;&gt;&lt;/i&gt;
+                 &lt;span&gt;Context7&lt;/span&gt;
+             &lt;/div&gt;
+             
+             &lt;ul class=&quot;nav-menu&quot;&gt;
+                 &lt;li class=&quot;nav-item&quot;&gt;
+                     &lt;a href=&quot;#overview&quot; class=&quot;nav-link active&quot; data-section=&quot;overview&quot;&gt;
+                         &lt;i class=&quot;fas fa-tachometer-alt&quot;&gt;&lt;/i&gt;
+                         &lt;span&gt;Overview&lt;/span&gt;
+                     &lt;/a&gt;
+                 &lt;/li&gt;
+                 &lt;li class=&quot;nav-item&quot;&gt;
+                     &lt;a href=&quot;#categories&quot; class=&quot;nav-link&quot; data-section=&quot;categories&quot;&gt;
+                         &lt;i class=&quot;fas fa-layer-group&quot;&gt;&lt;/i&gt;
+                         &lt;span&gt;Categories&lt;/span&gt;
+                     &lt;/a&gt;
+                 &lt;/li&gt;
+                 &lt;li class=&quot;nav-item&quot;&gt;
+                     &lt;a href=&quot;#recommendations&quot; class=&quot;nav-link&quot; data-section=&quot;recommendations&quot;&gt;
+                         &lt;i class=&quot;fas fa-lightbulb&quot;&gt;&lt;/i&gt;
+                         &lt;span&gt;Recommendations&lt;/span&gt;
+                     &lt;/a&gt;
+                 &lt;/li&gt;
+             &lt;/ul&gt;
+         &lt;/nav&gt;
+         
+         &lt;main class=&quot;main-content&quot;&gt;
+             &lt;div class=&quot;header-section&quot;&gt;
+                 &lt;div class=&quot;header-top&quot;&gt;
+                     &lt;h1 class=&quot;project-title&quot;&gt;context7-mcp-test&lt;/h1&gt;
+                     
+                     &lt;div class=&quot;controls&quot;&gt;
+                         &lt;div class=&quot;search-container&quot;&gt;
+                             &lt;i class=&quot;fas fa-search search-icon&quot;&gt;&lt;/i&gt;
+                             &lt;input type=&quot;text&quot; class=&quot;search-box&quot; placeholder=&quot;Search report content...&quot; id=&quot;searchInput&quot;&gt;
+                         &lt;/div&gt;
+                         &lt;button class=&quot;theme-toggle&quot; onclick=&quot;toggleTheme()&quot; title=&quot;Toggle theme&quot;&gt;
+                             &lt;i class=&quot;fas fa-moon&quot;&gt;&lt;/i&gt;
+                         &lt;/button&gt;
+                     &lt;/div&gt;
+                 &lt;/div&gt;
+                 
+                 &lt;div class=&quot;hero-stats&quot;&gt;
+                     &lt;div class=&quot;score-visual&quot;&gt;
+                         &lt;div class=&quot;score-circle&quot;&gt;
+                             &lt;canvas id=&quot;scoreChart&quot; width=&quot;160&quot; height=&quot;160&quot;&gt;&lt;/canvas&gt;
+                         &lt;/div&gt;
+                         &lt;div class=&quot;score-number&quot;&gt;74&lt;/div&gt;
+                         &lt;div class=&quot;score-max&quot;&gt;out of 100&lt;/div&gt;
+                         &lt;div class=&quot;grade&quot; style=&quot;font-size: 1.5rem; font-weight: 700; margin-top: 0.5rem; color: var(--accent-primary);&quot;&gt;C&lt;/div&gt;
+                     &lt;/div&gt;
+                     
+                     &lt;div class=&quot;chart-container&quot;&gt;
+                         &lt;canvas id=&quot;categoryChart&quot;&gt;&lt;/canvas&gt;
+                     &lt;/div&gt;
+                     
+                     &lt;div class=&quot;stats-grid&quot;&gt;
+                         &lt;div class=&quot;stat-item&quot;&gt;
+                             &lt;div class=&quot;stat-value&quot;&gt;74%&lt;/div&gt;
+                             &lt;div class=&quot;stat-label&quot;&gt;Quality Score&lt;/div&gt;
+                         &lt;/div&gt;
+                         &lt;div class=&quot;stat-item&quot;&gt;
+                             &lt;div class=&quot;stat-value&quot;&gt;7&lt;/div&gt;
+                             &lt;div class=&quot;stat-label&quot;&gt;Categories&lt;/div&gt;
+                         &lt;/div&gt;
+                         &lt;div class=&quot;stat-item&quot;&gt;
+                             &lt;div class=&quot;stat-value&quot;&gt;9&lt;/div&gt;
+                             &lt;div class=&quot;stat-label&quot;&gt;Recommendations&lt;/div&gt;
+                         &lt;/div&gt;
+                         &lt;div class=&quot;stat-item&quot;&gt;
+                             &lt;div class=&quot;stat-value&quot;&gt;mcp-server&lt;/div&gt;
+                             &lt;div class=&quot;stat-label&quot;&gt;Project Type&lt;/div&gt;
+                         &lt;/div&gt;
+                     &lt;/div&gt;
+                 &lt;/div&gt;
+             &lt;/div&gt;
+             
+             &lt;section class=&quot;categories-section&quot; id=&quot;categories&quot;&gt;
+                 &lt;h2 class=&quot;section-title&quot;&gt;
+                     &lt;i class=&quot;fas fa-layer-group&quot;&gt;&lt;/i&gt;
+                     Category Analysis
+                 &lt;/h2&gt;
+                 
+                 &lt;div class=&quot;categories-grid&quot;&gt;
+                     
+                             &lt;div class=&quot;category-card excellent&quot; data-category=&quot;code-structure---architecture&quot;&gt;
+                                 &lt;div class=&quot;category-header&quot;&gt;
+                                     &lt;div class=&quot;category-info&quot;&gt;
+                                         &lt;div class=&quot;category-name&quot;&gt;Code Structure &amp; Architecture&lt;/div&gt;
+                                         &lt;div class=&quot;category-description&quot;&gt;File organization, module design, and architectural patterns&lt;/div&gt;
+                                     &lt;/div&gt;
+                                     &lt;div class=&quot;category-score-display&quot;&gt;
+                                         &lt;div class=&quot;score-number&quot;&gt;18.6&lt;span class=&quot;score-max&quot;&gt;/20&lt;/span&gt;&lt;/div&gt;
+                                     &lt;/div&gt;
+                                 &lt;/div&gt;
+                                 
+                                 &lt;div class=&quot;progress-section&quot;&gt;
+                                     &lt;div class=&quot;progress-labels&quot;&gt;
+                                         &lt;span class=&quot;progress-percentage&quot;&gt;93%&lt;/span&gt;
+                                         &lt;button class=&quot;expand-toggle&quot; onclick=&quot;toggleCategoryDetails(&apos;code-structure---architecture&apos;)&quot;&gt;
+                                             &lt;i class=&quot;fas fa-chevron-down&quot;&gt;&lt;/i&gt;
+                                         &lt;/button&gt;
+                                     &lt;/div&gt;
+                                     &lt;div class=&quot;progress-bar progress-excellent&quot;&gt;
+                                         &lt;div class=&quot;progress-fill&quot; style=&quot;width: 93%&quot;&gt;&lt;/div&gt;
+                                     &lt;/div&gt;
+                                 &lt;/div&gt;
+                                 
+                                 &lt;div class=&quot;category-details&quot; id=&quot;details-code-structure---architecture&quot;&gt;
+                                     
+                                         &lt;div class=&quot;issues-section&quot;&gt;
+                                             &lt;div class=&quot;issues-header&quot;&gt;
+                                                 &lt;i class=&quot;fas fa-exclamation-triangle issue-icon&quot;&gt;&lt;/i&gt;
+                                                 &lt;span&gt;Issues Found (3)&lt;/span&gt;
+                                             &lt;/div&gt;
+                                             &lt;div class=&quot;issues-list&quot;&gt;
+                                                 
+                                                     &lt;div class=&quot;issue-item&quot;&gt;
+                                                         &lt;i class=&quot;fas fa-times-circle issue-icon&quot;&gt;&lt;/i&gt;
+                                                         &lt;span&gt;Poor separation of concerns&lt;/span&gt;
+                                                     &lt;/div&gt;
+                                                 
+                                                     &lt;div class=&quot;issue-item&quot;&gt;
+                                                         &lt;i class=&quot;fas fa-times-circle issue-icon&quot;&gt;&lt;/i&gt;
+                                                         &lt;span&gt;Some modules are quite large&lt;/span&gt;
+                                                     &lt;/div&gt;
+                                                 
+                                                     &lt;div class=&quot;issue-item&quot;&gt;
+                                                         &lt;i class=&quot;fas fa-times-circle issue-icon&quot;&gt;&lt;/i&gt;
+                                                         &lt;span&gt;Some naming inconsistencies found&lt;/span&gt;
+                                                     &lt;/div&gt;
+                                                 
+                                             &lt;/div&gt;
+                                         &lt;/div&gt;
+                                     
+                                 &lt;/div&gt;
+                             &lt;/div&gt;
+                         
+                             &lt;div class=&quot;category-card poor&quot; data-category=&quot;code-quality---maintainability&quot;&gt;
+                                 &lt;div class=&quot;category-header&quot;&gt;
+                                     &lt;div class=&quot;category-info&quot;&gt;
+                                         &lt;div class=&quot;category-name&quot;&gt;Code Quality &amp; Maintainability&lt;/div&gt;
+                                         &lt;div class=&quot;category-description&quot;&gt;Code style, complexity, and maintainability metrics&lt;/div&gt;
+                                     &lt;/div&gt;
+                                     &lt;div class=&quot;category-score-display&quot;&gt;
+                                         &lt;div class=&quot;score-number&quot;&gt;10.5&lt;span class=&quot;score-max&quot;&gt;/20&lt;/span&gt;&lt;/div&gt;
+                                     &lt;/div&gt;
+                                 &lt;/div&gt;
+                                 
+                                 &lt;div class=&quot;progress-section&quot;&gt;
+                                     &lt;div class=&quot;progress-labels&quot;&gt;
+                                         &lt;span class=&quot;progress-percentage&quot;&gt;53%&lt;/span&gt;
+                                         &lt;button class=&quot;expand-toggle&quot; onclick=&quot;toggleCategoryDetails(&apos;code-quality---maintainability&apos;)&quot;&gt;
+                                             &lt;i class=&quot;fas fa-chevron-down&quot;&gt;&lt;/i&gt;
+                                         &lt;/button&gt;
+                                     &lt;/div&gt;
+                                     &lt;div class=&quot;progress-bar progress-poor&quot;&gt;
+                                         &lt;div class=&quot;progress-fill&quot; style=&quot;width: 53%&quot;&gt;&lt;/div&gt;
+                                     &lt;/div&gt;
+                                 &lt;/div&gt;
+                                 
+                                 &lt;div class=&quot;category-details&quot; id=&quot;details-code-quality---maintainability&quot;&gt;
+                                     
+                                         &lt;div class=&quot;issues-section&quot;&gt;
+                                             &lt;div class=&quot;issues-header&quot;&gt;
+                                                 &lt;i class=&quot;fas fa-exclamation-triangle issue-icon&quot;&gt;&lt;/i&gt;
+                                                 &lt;span&gt;Issues Found (5)&lt;/span&gt;
+                                             &lt;/div&gt;
+                                             &lt;div class=&quot;issues-list&quot;&gt;
+                                                 
+                                                     &lt;div class=&quot;issue-item&quot;&gt;
+                                                         &lt;i class=&quot;fas fa-times-circle issue-icon&quot;&gt;&lt;/i&gt;
+                                                         &lt;span&gt;High ESLint error count&lt;/span&gt;
+                                                     &lt;/div&gt;
+                                                 
+                                                     &lt;div class=&quot;issue-item&quot;&gt;
+                                                         &lt;i class=&quot;fas fa-times-circle issue-icon&quot;&gt;&lt;/i&gt;
+                                                         &lt;span&gt;Class documentation needs improvement&lt;/span&gt;
+                                                     &lt;/div&gt;
+                                                 
+                                                     &lt;div class=&quot;issue-item&quot;&gt;
+                                                         &lt;i class=&quot;fas fa-times-circle issue-icon&quot;&gt;&lt;/i&gt;
+                                                         &lt;span&gt;Method documentation needs improvement&lt;/span&gt;
+                                                     &lt;/div&gt;
+                                                 
+                                                     &lt;div class=&quot;issue-item&quot;&gt;
+                                                         &lt;i class=&quot;fas fa-times-circle issue-icon&quot;&gt;&lt;/i&gt;
+                                                         &lt;span&gt;Comment quality needs improvement&lt;/span&gt;
+                                                     &lt;/div&gt;
+                                                 
+                                                     &lt;div class=&quot;issue-item&quot;&gt;
+                                                         &lt;i class=&quot;fas fa-times-circle issue-icon&quot;&gt;&lt;/i&gt;
+                                                         &lt;span&gt;TypeScript files without configuration&lt;/span&gt;
+                                                     &lt;/div&gt;
+                                                 
+                                             &lt;/div&gt;
+                                         &lt;/div&gt;
+                                     
+                                 &lt;/div&gt;
+                             &lt;/div&gt;
+                         
+                             &lt;div class=&quot;category-card good&quot; data-category=&quot;performance---optimization&quot;&gt;
+                                 &lt;div class=&quot;category-header&quot;&gt;
+                                     &lt;div class=&quot;category-info&quot;&gt;
+                                         &lt;div class=&quot;category-name&quot;&gt;Performance &amp; Optimization&lt;/div&gt;
+                                         &lt;div class=&quot;category-description&quot;&gt;Bundle size, loading performance, and optimization techniques&lt;/div&gt;
+                                     &lt;/div&gt;
+                                     &lt;div class=&quot;category-score-display&quot;&gt;
+                                         &lt;div class=&quot;score-number&quot;&gt;10.5&lt;span class=&quot;score-max&quot;&gt;/15&lt;/span&gt;&lt;/div&gt;
+                                     &lt;/div&gt;
+                                 &lt;/div&gt;
+                                 
+                                 &lt;div class=&quot;progress-section&quot;&gt;
+                                     &lt;div class=&quot;progress-labels&quot;&gt;
+                                         &lt;span class=&quot;progress-percentage&quot;&gt;70%&lt;/span&gt;
+                                         &lt;button class=&quot;expand-toggle&quot; onclick=&quot;toggleCategoryDetails(&apos;performance---optimization&apos;)&quot;&gt;
+                                             &lt;i class=&quot;fas fa-chevron-down&quot;&gt;&lt;/i&gt;
+                                         &lt;/button&gt;
+                                     &lt;/div&gt;
+                                     &lt;div class=&quot;progress-bar progress-good&quot;&gt;
+                                         &lt;div class=&quot;progress-fill&quot; style=&quot;width: 70%&quot;&gt;&lt;/div&gt;
+                                     &lt;/div&gt;
+                                 &lt;/div&gt;
+                                 
+                                 &lt;div class=&quot;category-details&quot; id=&quot;details-performance---optimization&quot;&gt;
+                                     &lt;div class=&quot;issues-section&quot;&gt;&lt;div class=&quot;issues-header&quot;&gt;&lt;i class=&quot;fas fa-check-circle&quot; style=&quot;color: var(--success);&quot;&gt;&lt;/i&gt;&lt;span&gt;No issues found&lt;/span&gt;&lt;/div&gt;&lt;/div&gt;
+                                 &lt;/div&gt;
+                             &lt;/div&gt;
+                         
+                             &lt;div class=&quot;category-card warning&quot; data-category=&quot;testing---documentation&quot;&gt;
+                                 &lt;div class=&quot;category-header&quot;&gt;
+                                     &lt;div class=&quot;category-info&quot;&gt;
+                                         &lt;div class=&quot;category-name&quot;&gt;Testing &amp; Documentation&lt;/div&gt;
+                                         &lt;div class=&quot;category-description&quot;&gt;Test coverage, documentation quality, and development practices&lt;/div&gt;
+                                     &lt;/div&gt;
+                                     &lt;div class=&quot;category-score-display&quot;&gt;
+                                         &lt;div class=&quot;score-number&quot;&gt;9.0&lt;span class=&quot;score-max&quot;&gt;/15&lt;/span&gt;&lt;/div&gt;
+                                     &lt;/div&gt;
+                                 &lt;/div&gt;
+                                 
+                                 &lt;div class=&quot;progress-section&quot;&gt;
+                                     &lt;div class=&quot;progress-labels&quot;&gt;
+                                         &lt;span class=&quot;progress-percentage&quot;&gt;60%&lt;/span&gt;
+                                         &lt;button class=&quot;expand-toggle&quot; onclick=&quot;toggleCategoryDetails(&apos;testing---documentation&apos;)&quot;&gt;
+                                             &lt;i class=&quot;fas fa-chevron-down&quot;&gt;&lt;/i&gt;
+                                         &lt;/button&gt;
+                                     &lt;/div&gt;
+                                     &lt;div class=&quot;progress-bar progress-warning&quot;&gt;
+                                         &lt;div class=&quot;progress-fill&quot; style=&quot;width: 60%&quot;&gt;&lt;/div&gt;
+                                     &lt;/div&gt;
+                                 &lt;/div&gt;
+                                 
+                                 &lt;div class=&quot;category-details&quot; id=&quot;details-testing---documentation&quot;&gt;
+                                     
+                                         &lt;div class=&quot;issues-section&quot;&gt;
+                                             &lt;div class=&quot;issues-header&quot;&gt;
+                                                 &lt;i class=&quot;fas fa-exclamation-triangle issue-icon&quot;&gt;&lt;/i&gt;
+                                                 &lt;span&gt;Issues Found (2)&lt;/span&gt;
+                                             &lt;/div&gt;
+                                             &lt;div class=&quot;issues-list&quot;&gt;
+                                                 
+                                                     &lt;div class=&quot;issue-item&quot;&gt;
+                                                         &lt;i class=&quot;fas fa-times-circle issue-icon&quot;&gt;&lt;/i&gt;
+                                                         &lt;span&gt;Low test coverage&lt;/span&gt;
+                                                     &lt;/div&gt;
+                                                 
+                                                     &lt;div class=&quot;issue-item&quot;&gt;
+                                                         &lt;i class=&quot;fas fa-times-circle issue-icon&quot;&gt;&lt;/i&gt;
+                                                         &lt;span&gt;Coverage analysis failed&lt;/span&gt;
+                                                     &lt;/div&gt;
+                                                 
+                                             &lt;/div&gt;
+                                         &lt;/div&gt;
+                                     
+                                 &lt;/div&gt;
+                             &lt;/div&gt;
+                         
+                             &lt;div class=&quot;category-card good&quot; data-category=&quot;security---error-handling&quot;&gt;
+                                 &lt;div class=&quot;category-header&quot;&gt;
+                                     &lt;div class=&quot;category-info&quot;&gt;
+                                         &lt;div class=&quot;category-name&quot;&gt;Security &amp; Error Handling&lt;/div&gt;
+                                         &lt;div class=&quot;category-description&quot;&gt;Security vulnerabilities, error handling, and data protection&lt;/div&gt;
+                                     &lt;/div&gt;
+                                     &lt;div class=&quot;category-score-display&quot;&gt;
+                                         &lt;div class=&quot;score-number&quot;&gt;12.2&lt;span class=&quot;score-max&quot;&gt;/15&lt;/span&gt;&lt;/div&gt;
+                                     &lt;/div&gt;
+                                 &lt;/div&gt;
+                                 
+                                 &lt;div class=&quot;progress-section&quot;&gt;
+                                     &lt;div class=&quot;progress-labels&quot;&gt;
+                                         &lt;span class=&quot;progress-percentage&quot;&gt;81%&lt;/span&gt;
+                                         &lt;button class=&quot;expand-toggle&quot; onclick=&quot;toggleCategoryDetails(&apos;security---error-handling&apos;)&quot;&gt;
+                                             &lt;i class=&quot;fas fa-chevron-down&quot;&gt;&lt;/i&gt;
+                                         &lt;/button&gt;
+                                     &lt;/div&gt;
+                                     &lt;div class=&quot;progress-bar progress-good&quot;&gt;
+                                         &lt;div class=&quot;progress-fill&quot; style=&quot;width: 81%&quot;&gt;&lt;/div&gt;
+                                     &lt;/div&gt;
+                                 &lt;/div&gt;
+                                 
+                                 &lt;div class=&quot;category-details&quot; id=&quot;details-security---error-handling&quot;&gt;
+                                     
+                                         &lt;div class=&quot;issues-section&quot;&gt;
+                                             &lt;div class=&quot;issues-header&quot;&gt;
+                                                 &lt;i class=&quot;fas fa-exclamation-triangle issue-icon&quot;&gt;&lt;/i&gt;
+                                                 &lt;span&gt;Issues Found (1)&lt;/span&gt;
+                                             &lt;/div&gt;
+                                             &lt;div class=&quot;issues-list&quot;&gt;
+                                                 
+                                                     &lt;div class=&quot;issue-item&quot;&gt;
+                                                         &lt;i class=&quot;fas fa-times-circle issue-icon&quot;&gt;&lt;/i&gt;
+                                                         &lt;span&gt;High error information exposure risk&lt;/span&gt;
+                                                     &lt;/div&gt;
+                                                 
+                                             &lt;/div&gt;
+                                         &lt;/div&gt;
+                                     
+                                 &lt;/div&gt;
+                             &lt;/div&gt;
+                         
+                             &lt;div class=&quot;category-card excellent&quot; data-category=&quot;developer-experience&quot;&gt;
+                                 &lt;div class=&quot;category-header&quot;&gt;
+                                     &lt;div class=&quot;category-info&quot;&gt;
+                                         &lt;div class=&quot;category-name&quot;&gt;Developer Experience&lt;/div&gt;
+                                         &lt;div class=&quot;category-description&quot;&gt;Tooling, workflow, and development environment setup&lt;/div&gt;
+                                     &lt;/div&gt;
+                                     &lt;div class=&quot;category-score-display&quot;&gt;
+                                         &lt;div class=&quot;score-number&quot;&gt;8.5&lt;span class=&quot;score-max&quot;&gt;/10&lt;/span&gt;&lt;/div&gt;
+                                     &lt;/div&gt;
+                                 &lt;/div&gt;
+                                 
+                                 &lt;div class=&quot;progress-section&quot;&gt;
+                                     &lt;div class=&quot;progress-labels&quot;&gt;
+                                         &lt;span class=&quot;progress-percentage&quot;&gt;85%&lt;/span&gt;
+                                         &lt;button class=&quot;expand-toggle&quot; onclick=&quot;toggleCategoryDetails(&apos;developer-experience&apos;)&quot;&gt;
+                                             &lt;i class=&quot;fas fa-chevron-down&quot;&gt;&lt;/i&gt;
+                                         &lt;/button&gt;
+                                     &lt;/div&gt;
+                                     &lt;div class=&quot;progress-bar progress-excellent&quot;&gt;
+                                         &lt;div class=&quot;progress-fill&quot; style=&quot;width: 85%&quot;&gt;&lt;/div&gt;
+                                     &lt;/div&gt;
+                                 &lt;/div&gt;
+                                 
+                                 &lt;div class=&quot;category-details&quot; id=&quot;details-developer-experience&quot;&gt;
+                                     
+                                         &lt;div class=&quot;issues-section&quot;&gt;
+                                             &lt;div class=&quot;issues-header&quot;&gt;
+                                                 &lt;i class=&quot;fas fa-exclamation-triangle issue-icon&quot;&gt;&lt;/i&gt;
+                                                 &lt;span&gt;Issues Found (1)&lt;/span&gt;
+                                             &lt;/div&gt;
+                                             &lt;div class=&quot;issues-list&quot;&gt;
+                                                 
+                                                     &lt;div class=&quot;issue-item&quot;&gt;
+                                                         &lt;i class=&quot;fas fa-times-circle issue-icon&quot;&gt;&lt;/i&gt;
+                                                         &lt;span&gt;Limited development tooling&lt;/span&gt;
+                                                     &lt;/div&gt;
+                                                 
+                                             &lt;/div&gt;
+                                         &lt;/div&gt;
+                                     
+                                 &lt;/div&gt;
+                             &lt;/div&gt;
+                         
+                             &lt;div class=&quot;category-card excellent&quot; data-category=&quot;completeness---production-readiness&quot;&gt;
+                                 &lt;div class=&quot;category-header&quot;&gt;
+                                     &lt;div class=&quot;category-info&quot;&gt;
+                                         &lt;div class=&quot;category-name&quot;&gt;Completeness &amp; Production Readiness&lt;/div&gt;
+                                         &lt;div class=&quot;category-description&quot;&gt;Project completeness and production deployment readiness&lt;/div&gt;
+                                     &lt;/div&gt;
+                                     &lt;div class=&quot;category-score-display&quot;&gt;
+                                         &lt;div class=&quot;score-number&quot;&gt;5.0&lt;span class=&quot;score-max&quot;&gt;/5&lt;/span&gt;&lt;/div&gt;
+                                     &lt;/div&gt;
+                                 &lt;/div&gt;
+                                 
+                                 &lt;div class=&quot;progress-section&quot;&gt;
+                                     &lt;div class=&quot;progress-labels&quot;&gt;
+                                         &lt;span class=&quot;progress-percentage&quot;&gt;100%&lt;/span&gt;
+                                         &lt;button class=&quot;expand-toggle&quot; onclick=&quot;toggleCategoryDetails(&apos;completeness---production-readiness&apos;)&quot;&gt;
+                                             &lt;i class=&quot;fas fa-chevron-down&quot;&gt;&lt;/i&gt;
+                                         &lt;/button&gt;
+                                     &lt;/div&gt;
+                                     &lt;div class=&quot;progress-bar progress-excellent&quot;&gt;
+                                         &lt;div class=&quot;progress-fill&quot; style=&quot;width: 100%&quot;&gt;&lt;/div&gt;
+                                     &lt;/div&gt;
+                                 &lt;/div&gt;
+                                 
+                                 &lt;div class=&quot;category-details&quot; id=&quot;details-completeness---production-readiness&quot;&gt;
+                                     
+                                         &lt;div class=&quot;issues-section&quot;&gt;
+                                             &lt;div class=&quot;issues-header&quot;&gt;
+                                                 &lt;i class=&quot;fas fa-exclamation-triangle issue-icon&quot;&gt;&lt;/i&gt;
+                                                 &lt;span&gt;Issues Found (2)&lt;/span&gt;
+                                             &lt;/div&gt;
+                                             &lt;div class=&quot;issues-list&quot;&gt;
+                                                 
+                                                     &lt;div class=&quot;issue-item&quot;&gt;
+                                                         &lt;i class=&quot;fas fa-times-circle issue-icon&quot;&gt;&lt;/i&gt;
+                                                         &lt;span&gt;High number of incomplete items&lt;/span&gt;
+                                                     &lt;/div&gt;
+                                                 
+                                                     &lt;div class=&quot;issue-item&quot;&gt;
+                                                         &lt;i class=&quot;fas fa-times-circle issue-icon&quot;&gt;&lt;/i&gt;
+                                                         &lt;span&gt;MCP server implementation incomplete&lt;/span&gt;
+                                                     &lt;/div&gt;
+                                                 
+                                             &lt;/div&gt;
+                                         &lt;/div&gt;
+                                     
+                                 &lt;/div&gt;
+                             &lt;/div&gt;
+                         
+                 &lt;/div&gt;
+             &lt;/section&gt;
+             
+             
+                 &lt;section class=&quot;recommendations-section&quot; id=&quot;recommendations&quot;&gt;
+                     &lt;h2 class=&quot;section-title&quot;&gt;
+                         &lt;i class=&quot;fas fa-lightbulb&quot;&gt;&lt;/i&gt;
+                         Priority Recommendations
+                     &lt;/h2&gt;
+                     
+                     &lt;div class=&quot;recommendations-grid&quot;&gt;
+                         
+                             &lt;div class=&quot;recommendation-card&quot; data-impact=&quot;4&quot;&gt;
+                                 &lt;div class=&quot;rec-header&quot;&gt;
+                                     &lt;div class=&quot;rec-priority&quot;&gt;#1&lt;/div&gt;
+                                     &lt;div class=&quot;rec-impact&quot;&gt;+4pts&lt;/div&gt;
+                                 &lt;/div&gt;
+                                 &lt;div class=&quot;rec-content&quot;&gt;
+                                     &lt;div class=&quot;rec-title&quot;&gt;Fix 256 ESLint errors&lt;/div&gt;
+                                     &lt;div class=&quot;rec-desc&quot;&gt;You have 256 ESLint errors that need immediate attention.&lt;/div&gt;
+                                     &lt;div class=&quot;rec-category&quot;&gt;quality&lt;/div&gt;
+                                 &lt;/div&gt;
+                             &lt;/div&gt;
+                         
+                             &lt;div class=&quot;recommendation-card&quot; data-impact=&quot;4&quot;&gt;
+                                 &lt;div class=&quot;rec-header&quot;&gt;
+                                     &lt;div class=&quot;rec-priority&quot;&gt;#2&lt;/div&gt;
+                                     &lt;div class=&quot;rec-impact&quot;&gt;+4pts&lt;/div&gt;
+                                 &lt;/div&gt;
+                                 &lt;div class=&quot;rec-content&quot;&gt;
+                                     &lt;div class=&quot;rec-title&quot;&gt;Increase test coverage to 80%+&lt;/div&gt;
+                                     &lt;div class=&quot;rec-desc&quot;&gt;Comprehensive testing prevents regressions and improves code quality.&lt;/div&gt;
+                                     &lt;div class=&quot;rec-category&quot;&gt;testing&lt;/div&gt;
+                                 &lt;/div&gt;
+                             &lt;/div&gt;
+                         
+                             &lt;div class=&quot;recommendation-card&quot; data-impact=&quot;3&quot;&gt;
+                                 &lt;div class=&quot;rec-header&quot;&gt;
+                                     &lt;div class=&quot;rec-priority&quot;&gt;#3&lt;/div&gt;
+                                     &lt;div class=&quot;rec-impact&quot;&gt;+3pts&lt;/div&gt;
+                                 &lt;/div&gt;
+                                 &lt;div class=&quot;rec-content&quot;&gt;
+                                     &lt;div class=&quot;rec-title&quot;&gt;Add more test files (35 tests for 138 source files)&lt;/div&gt;
+                                     &lt;div class=&quot;rec-desc&quot;&gt;Too few test files suggests major gaps in test coverage.&lt;/div&gt;
+                                     &lt;div class=&quot;rec-category&quot;&gt;testing&lt;/div&gt;
+                                 &lt;/div&gt;
+                             &lt;/div&gt;
+                         
+                             &lt;div class=&quot;recommendation-card&quot; data-impact=&quot;3&quot;&gt;
+                                 &lt;div class=&quot;rec-header&quot;&gt;
+                                     &lt;div class=&quot;rec-priority&quot;&gt;#4&lt;/div&gt;
+                                     &lt;div class=&quot;rec-impact&quot;&gt;+3pts&lt;/div&gt;
+                                 &lt;/div&gt;
+                                 &lt;div class=&quot;rec-content&quot;&gt;
+                                     &lt;div class=&quot;rec-title&quot;&gt;Work on remaining quality gaps&lt;/div&gt;
+                                     &lt;div class=&quot;rec-desc&quot;&gt;You&apos;re on the right track! Focus on the areas with the lowest scores.&lt;/div&gt;
+                                     &lt;div class=&quot;rec-category&quot;&gt;general&lt;/div&gt;
+                                 &lt;/div&gt;
+                             &lt;/div&gt;
+                         
+                             &lt;div class=&quot;recommendation-card&quot; data-impact=&quot;3&quot;&gt;
+                                 &lt;div class=&quot;rec-header&quot;&gt;
+                                     &lt;div class=&quot;rec-priority&quot;&gt;#5&lt;/div&gt;
+                                     &lt;div class=&quot;rec-impact&quot;&gt;+3pts&lt;/div&gt;
+                                 &lt;/div&gt;
+                                 &lt;div class=&quot;rec-content&quot;&gt;
+                                     &lt;div class=&quot;rec-title&quot;&gt;Implement Context7 standards for AI integration&lt;/div&gt;
+                                     &lt;div class=&quot;rec-desc&quot;&gt;Context7 patterns help AI assistants understand and work with your code better.&lt;/div&gt;
+                                     &lt;div class=&quot;rec-category&quot;&gt;context7&lt;/div&gt;
+                                 &lt;/div&gt;
+                             &lt;/div&gt;
+                         
+                             &lt;div class=&quot;recommendation-card&quot; data-impact=&quot;2&quot;&gt;
+                                 &lt;div class=&quot;rec-header&quot;&gt;
+                                     &lt;div class=&quot;rec-priority&quot;&gt;#6&lt;/div&gt;
+                                     &lt;div class=&quot;rec-impact&quot;&gt;+2pts&lt;/div&gt;
+                                 &lt;/div&gt;
+                                 &lt;div class=&quot;rec-content&quot;&gt;
+                                     &lt;div class=&quot;rec-title&quot;&gt;Fix &apos;indent&apos; violations (226 instances)&lt;/div&gt;
+                                     &lt;div class=&quot;rec-desc&quot;&gt;Consistent indentation improves code readability.&lt;/div&gt;
+                                     &lt;div class=&quot;rec-category&quot;&gt;quality&lt;/div&gt;
+                                 &lt;/div&gt;
+                             &lt;/div&gt;
+                         
+                             &lt;div class=&quot;recommendation-card&quot; data-impact=&quot;2&quot;&gt;
+                                 &lt;div class=&quot;rec-header&quot;&gt;
+                                     &lt;div class=&quot;rec-priority&quot;&gt;#7&lt;/div&gt;
+                                     &lt;div class=&quot;rec-impact&quot;&gt;+2pts&lt;/div&gt;
+                                 &lt;/div&gt;
+                                 &lt;div class=&quot;rec-content&quot;&gt;
+                                     &lt;div class=&quot;rec-title&quot;&gt;Document 1695 undocumented methods&lt;/div&gt;
+                                     &lt;div class=&quot;rec-desc&quot;&gt;Method documentation helps AI assistants understand your code better.&lt;/div&gt;
+                                     &lt;div class=&quot;rec-category&quot;&gt;quality&lt;/div&gt;
+                                 &lt;/div&gt;
+                             &lt;/div&gt;
+                         
+                             &lt;div class=&quot;recommendation-card&quot; data-impact=&quot;2&quot;&gt;
+                                 &lt;div class=&quot;rec-header&quot;&gt;
+                                     &lt;div class=&quot;rec-priority&quot;&gt;#8&lt;/div&gt;
+                                     &lt;div class=&quot;rec-impact&quot;&gt;+2pts&lt;/div&gt;
+                                 &lt;/div&gt;
+                                 &lt;div class=&quot;rec-content&quot;&gt;
+                                     &lt;div class=&quot;rec-title&quot;&gt;Document 6 undocumented classes&lt;/div&gt;
+                                     &lt;div class=&quot;rec-desc&quot;&gt;Class documentation provides essential context for understanding code architecture.&lt;/div&gt;
+                                     &lt;div class=&quot;rec-category&quot;&gt;quality&lt;/div&gt;
+                                 &lt;/div&gt;
+                             &lt;/div&gt;
+                         
+                             &lt;div class=&quot;recommendation-card&quot; data-impact=&quot;2&quot;&gt;
+                                 &lt;div class=&quot;rec-header&quot;&gt;
+                                     &lt;div class=&quot;rec-priority&quot;&gt;#9&lt;/div&gt;
+                                     &lt;div class=&quot;rec-impact&quot;&gt;+2pts&lt;/div&gt;
+                                 &lt;/div&gt;
+                                 &lt;div class=&quot;rec-content&quot;&gt;
+                                     &lt;div class=&quot;rec-title&quot;&gt;Address 6 moderate/low security issues&lt;/div&gt;
+                                     &lt;div class=&quot;rec-desc&quot;&gt;These vulnerabilities should be addressed in the next development cycle.&lt;/div&gt;
+                                     &lt;div class=&quot;rec-category&quot;&gt;security&lt;/div&gt;
+                                 &lt;/div&gt;
+                             &lt;/div&gt;
+                         
+                     &lt;/div&gt;
+                 &lt;/section&gt;
+             
+             
+             &lt;footer style=&quot;margin-top: 4rem; padding: 2rem 0; border-top: 1px solid var(--border);&quot;&gt;
+                 &lt;div style=&quot;display: flex; justify-content: space-between; align-items: center; color: var(--text-muted);&quot;&gt;
+                     &lt;div style=&quot;display: flex; align-items: center; gap: 0.5rem; font-weight: 500;&quot;&gt;
+                         &lt;i class=&quot;fas fa-chart-line&quot;&gt;&lt;/i&gt;
+                         &lt;span&gt;Generated by Context7 MCP Quality Scorer&lt;/span&gt;
+                     &lt;/div&gt;
+                     &lt;div style=&quot;font-size: 0.875rem;&quot;&gt;
+                         9/1/2025, 4:07:00 PM
+                     &lt;/div&gt;
+                 &lt;/div&gt;
+             &lt;/footer&gt;
+         &lt;/main&gt;
+     &lt;/div&gt;
+     
+     &lt;script&gt;
+         // Theme Management
+         function toggleTheme() {
+             const body = document.body;
+             const icon = document.querySelector(&apos;.theme-toggle i&apos;);
+             const currentTheme = body.getAttribute(&apos;data-theme&apos;);
+             const newTheme = currentTheme === &apos;dark&apos; ? &apos;light&apos; : &apos;dark&apos;;
+             
+             body.setAttribute(&apos;data-theme&apos;, newTheme);
+             icon.className = newTheme === &apos;dark&apos; ? &apos;fas fa-sun&apos; : &apos;fas fa-moon&apos;;
+             localStorage.setItem(&apos;theme&apos;, newTheme);
+         }
+         
+         // Load saved theme
+         document.addEventListener(&apos;DOMContentLoaded&apos;, function() {
+             const savedTheme = localStorage.getItem(&apos;theme&apos;) || &apos;dark&apos;;
+             document.body.setAttribute(&apos;data-theme&apos;, savedTheme);
+             document.querySelector(&apos;.theme-toggle i&apos;).className = savedTheme === &apos;dark&apos; ? &apos;fas fa-sun&apos; : &apos;fas fa-moon&apos;;
+         });
+         
+         // Category Details Toggle
+         function toggleCategoryDetails(categoryId) {
+             const details = document.getElementById(`details-${categoryId}`);
+             const toggle = details.parentElement.querySelector(&apos;.expand-toggle i&apos;);
+             
+             if (details.classList.contains(&apos;expanded&apos;)) {
+                 details.classList.remove(&apos;expanded&apos;);
+                 toggle.className = &apos;fas fa-chevron-down&apos;;
+             } else {
+                 details.classList.add(&apos;expanded&apos;);
+                 toggle.className = &apos;fas fa-chevron-up&apos;;
+             }
+         }
+         
+         // Search Functionality
+         document.getElementById(&apos;searchInput&apos;)?.addEventListener(&apos;input&apos;, function(e) {
+             const query = e.target.value.toLowerCase();
+             const cards = document.querySelectorAll(&apos;.category-card, .recommendation-card&apos;);
+             
+             cards.forEach(card =&gt; {
+                 const text = card.textContent.toLowerCase();
+                 if (text.includes(query) || query === &apos;&apos;) {
+                     card.style.display = &apos;&apos;;
+                 } else {
+                     card.style.display = &apos;none&apos;;
+                 }
+             });
+         });
+         
+         // Charts Initialization
+         document.addEventListener(&apos;DOMContentLoaded&apos;, function() {
+             // Score Circle Chart
+             const scoreCtx = document.getElementById(&apos;scoreChart&apos;);
+             if (scoreCtx) {
+                 new Chart(scoreCtx, {
+                     type: &apos;doughnut&apos;,
+                     data: {
+                         datasets: [{
+                             data: [74, 26],
+                             backgroundColor: [&apos;#3b82f6&apos;, &apos;rgba(255,255,255,0.1)&apos;],
+                             borderWidth: 0,
+                             cutout: &apos;75%&apos;
+                         }]
+                     },
+                     options: {
+                         responsive: true,
+                         maintainAspectRatio: false,
+                         plugins: {
+                             legend: { display: false }
+                         }
+                     }
+                 });
+             }
+             
+             // Category Breakdown Chart
+             const categoryCtx = document.getElementById(&apos;categoryChart&apos;);
+             if (categoryCtx) {
+                 const categoryData = [{&quot;name&quot;:&quot;Code Structure &amp; Architecture&quot;,&quot;score&quot;:93},{&quot;name&quot;:&quot;Code Quality &amp; Maintainability&quot;,&quot;score&quot;:53},{&quot;name&quot;:&quot;Performance &amp; Optimization&quot;,&quot;score&quot;:70},{&quot;name&quot;:&quot;Testing &amp; Documentation&quot;,&quot;score&quot;:60},{&quot;name&quot;:&quot;Security &amp; Error Handling&quot;,&quot;score&quot;:81},{&quot;name&quot;:&quot;Developer Experience&quot;,&quot;score&quot;:85},{&quot;name&quot;:&quot;Completeness &amp; Production Readiness&quot;,&quot;score&quot;:100}];
+                 
+                 new Chart(categoryCtx, {
+                     type: &apos;radar&apos;,
+                     data: {
+                         labels: categoryData.map(c =&gt; c.name.split(&apos; &apos;).slice(0, 2).join(&apos; &apos;)),
+                         datasets: [{
+                             label: &apos;Score %&apos;,
+                             data: categoryData.map(c =&gt; c.score),
+                             backgroundColor: &apos;rgba(59, 130, 246, 0.2)&apos;,
+                             borderColor: &apos;#3b82f6&apos;,
+                             borderWidth: 2,
+                             pointBackgroundColor: &apos;#3b82f6&apos;
+                         }]
+                     },
+                     options: {
+                         responsive: true,
+                         maintainAspectRatio: false,
+                         scales: {
+                             r: {
+                                 beginAtZero: true,
+                                 max: 100,
+                                 grid: { color: &apos;rgba(255,255,255,0.1)&apos; },
+                                 angleLines: { color: &apos;rgba(255,255,255,0.1)&apos; },
+                                 pointLabels: { color: &apos;#cbd5e1&apos;, font: { size: 11 } }
+                             }
+                         },
+                         plugins: {
+                             legend: { display: false }
+                         }
+                     }
+                 });
+             }
+         });
+     &lt;/script&gt;
+ &lt;/body&gt;
+ &lt;/html&gt;

 ❯ tests/integration/enhanced-reporting.test.js:289:26
            </failure>
            <failure message="expected &apos;&lt;!DOCTYPE html&gt;\n&lt;html lang=&quot;en&quot;&gt;\n&lt;h…&apos; to contain &apos;enhancedData&apos;" type="AssertionError">
AssertionError: expected &apos;&lt;!DOCTYPE html&gt;\n&lt;html lang=&quot;en&quot;&gt;\n&lt;h…&apos; to contain &apos;enhancedData&apos;

- Expected
+ Received

- enhancedData
+ &lt;!DOCTYPE html&gt;
+ &lt;html lang=&quot;en&quot;&gt;
+ &lt;head&gt;
+     &lt;meta charset=&quot;UTF-8&quot;&gt;
+     &lt;meta name=&quot;viewport&quot; content=&quot;width=device-width, initial-scale=1.0&quot;&gt;
+     &lt;title&gt;Context7 Quality Dashboard - context7-mcp-test&lt;/title&gt;
+     &lt;link href=&quot;https://cdnjs.cloudflare.com/ajax/libs/font-awesome/6.4.0/css/all.min.css&quot; rel=&quot;stylesheet&quot;&gt;
+     &lt;script src=&quot;https://cdn.jsdelivr.net/npm/chart.js&quot;&gt;&lt;/script&gt;
+     &lt;style&gt;
+         :root {
+             --bg-primary: #0f172a;
+             --bg-secondary: #1e293b;
+             --bg-tertiary: #334155;
+             --text-primary: #f8fafc;
+             --text-secondary: #cbd5e1;
+             --text-muted: #64748b;
+             --accent-primary: #3b82f6;
+             --accent-secondary: #8b5cf6;
+             --success: #10b981;
+             --warning: #f59e0b;
+             --error: #ef4444;
+             --border: #475569;
+             --shadow: rgba(0, 0, 0, 0.3);
+             --glass-bg: rgba(255, 255, 255, 0.05);
+             --glass-border: rgba(255, 255, 255, 0.1);
+         }
+         
+         [data-theme=&quot;light&quot;] {
+             --bg-primary: #ffffff;
+             --bg-secondary: #f8fafc;
+             --bg-tertiary: #e2e8f0;
+             --text-primary: #1e293b;
+             --text-secondary: #475569;
+             --text-muted: #64748b;
+             --border: #e2e8f0;
+             --shadow: rgba(0, 0, 0, 0.1);
+             --glass-bg: rgba(255, 255, 255, 0.8);
+             --glass-border: rgba(0, 0, 0, 0.1);
+         }
+         
+         * {
+             margin: 0;
+             padding: 0;
+             box-sizing: border-box;
+         }
+         
+         body {
+             font-family: &apos;Inter&apos;, -apple-system, BlinkMacSystemFont, &apos;Segoe UI&apos;, Roboto, sans-serif;
+             line-height: 1.6;
+             color: var(--text-primary);
+             background: var(--bg-primary);
+             min-height: 100vh;
+             transition: all 0.3s ease;
+         }
+         
+         .dashboard {
+             display: grid;
+             grid-template-columns: 280px 1fr;
+             min-height: 100vh;
+             gap: 0;
+         }
+         
+         .sidebar {
+             background: var(--bg-secondary);
+             padding: 2rem;
+             border-right: 1px solid var(--border);
+             position: sticky;
+             top: 0;
+             height: 100vh;
+             overflow-y: auto;
+         }
+         
+         .logo {
+             display: flex;
+             align-items: center;
+             gap: 0.75rem;
+             margin-bottom: 3rem;
+             font-size: 1.25rem;
+             font-weight: 700;
+             color: var(--text-primary);
+         }
+         
+         .nav-menu {
+             list-style: none;
+         }
+         
+         .nav-item {
+             margin-bottom: 0.5rem;
+         }
+         
+         .nav-link {
+             display: flex;
+             align-items: center;
+             gap: 0.75rem;
+             padding: 0.75rem 1rem;
+             color: var(--text-secondary);
+             text-decoration: none;
+             border-radius: 0.5rem;
+             transition: all 0.2s ease;
+             cursor: pointer;
+         }
+         
+         .nav-link:hover, .nav-link.active {
+             background: var(--glass-bg);
+             color: var(--text-primary);
+             backdrop-filter: blur(10px);
+         }
+         
+         .main-content {
+             padding: 2rem;
+             overflow-x: hidden;
+         }
+         
+         .header-section {
+             margin-bottom: 3rem;
+         }
+         
+         .header-top {
+             display: flex;
+             justify-content: space-between;
+             align-items: center;
+             margin-bottom: 2rem;
+         }
+         
+         .project-title {
+             font-size: 2.5rem;
+             font-weight: 800;
+             background: linear-gradient(135deg, var(--accent-primary), var(--accent-secondary));
+             -webkit-background-clip: text;
+             -webkit-text-fill-color: transparent;
+             background-clip: text;
+         }
+         
+         .controls {
+             display: flex;
+             gap: 1rem;
+             align-items: center;
+         }
+         
+         .theme-toggle {
+             background: var(--glass-bg);
+             border: 1px solid var(--glass-border);
+             color: var(--text-primary);
+             padding: 0.5rem;
+             border-radius: 0.5rem;
+             cursor: pointer;
+             backdrop-filter: blur(10px);
+             transition: all 0.2s ease;
+         }
+         
+         .theme-toggle:hover {
+             background: var(--bg-tertiary);
+         }
+         
+         .search-box {
+             background: var(--glass-bg);
+             border: 1px solid var(--glass-border);
+             color: var(--text-primary);
+             padding: 0.75rem 1rem 0.75rem 2.5rem;
+             border-radius: 0.75rem;
+             backdrop-filter: blur(10px);
+             min-width: 300px;
+             transition: all 0.2s ease;
+         }
+         
+         .search-container {
+             position: relative;
+         }
+         
+         .search-icon {
+             position: absolute;
+             left: 0.75rem;
+             top: 50%;
+             transform: translateY(-50%);
+             color: var(--text-muted);
+         }
+         
+         .hero-stats {
+             display: grid;
+             grid-template-columns: 1fr 2fr 1fr;
+             gap: 2rem;
+             align-items: center;
+             background: var(--glass-bg);
+             backdrop-filter: blur(20px);
+             border: 1px solid var(--glass-border);
+             border-radius: 1.5rem;
+             padding: 3rem;
+             margin-bottom: 3rem;
+         }
+         
+         .score-visual {
+             text-align: center;
+         }
+         
+         .score-circle {
+             position: relative;
+             width: 160px;
+             height: 160px;
+             margin: 0 auto 1rem;
+         }
+         
+         .chart-container {
+             position: relative;
+             height: 300px;
+         }
+         
+         .stats-grid {
+             display: grid;
+             grid-template-columns: repeat(2, 1fr);
+             gap: 1rem;
+         }
+         
+         .stat-item {
+             text-align: center;
+             padding: 1rem;
+             background: var(--glass-bg);
+             border-radius: 1rem;
+             backdrop-filter: blur(10px);
+         }
+         
+         .stat-value {
+             font-size: 2rem;
+             font-weight: 800;
+             color: var(--accent-primary);
+         }
+         
+         .stat-label {
+             color: var(--text-muted);
+             font-size: 0.875rem;
+             margin-top: 0.25rem;
+         }
+         
+         .categories-section {
+             margin-bottom: 3rem;
+         }
+         
+         .section-title {
+             font-size: 1.75rem;
+             font-weight: 700;
+             margin-bottom: 1.5rem;
+             display: flex;
+             align-items: center;
+             gap: 0.75rem;
+         }
+         
+         .categories-grid {
+             display: grid;
+             grid-template-columns: repeat(auto-fit, minmax(400px, 1fr));
+             gap: 1.5rem;
+         }
+         
+         .category-card {
+             background: var(--glass-bg);
+             backdrop-filter: blur(20px);
+             border: 1px solid var(--glass-border);
+             border-radius: 1rem;
+             padding: 1.5rem;
+             transition: all 0.3s ease;
+             cursor: pointer;
+             position: relative;
+             overflow: hidden;
+         }
+         
+         .category-card:hover {
+             transform: translateY(-4px);
+             box-shadow: 0 20px 40px var(--shadow);
+         }
+         
+         .category-card::before {
+             content: &apos;&apos;;
+             position: absolute;
+             top: 0;
+             left: 0;
+             right: 0;
+             height: 4px;
+             background: linear-gradient(90deg, var(--accent-primary), var(--accent-secondary));
+         }
+         
+         .category-card.excellent::before { background: linear-gradient(90deg, #10b981, #059669); }
+         .category-card.good::before { background: linear-gradient(90deg, #3b82f6, #2563eb); }
+         .category-card.warning::before { background: linear-gradient(90deg, #f59e0b, #d97706); }
+         .category-card.poor::before { background: linear-gradient(90deg, #ef4444, #dc2626); }
+         
+         .category-header {
+             display: flex;
+             justify-content: space-between;
+             align-items: flex-start;
+             margin-bottom: 1rem;
+         }
[...]
+             
+             
+                 &lt;section class=&quot;recommendations-section&quot; id=&quot;recommendations&quot;&gt;
+                     &lt;h2 class=&quot;section-title&quot;&gt;
+                         &lt;i class=&quot;fas fa-lightbulb&quot;&gt;&lt;/i&gt;
+                         Priority Recommendations
+                     &lt;/h2&gt;
+                     
+                     &lt;div class=&quot;recommendations-grid&quot;&gt;
+                         
+                             &lt;div class=&quot;recommendation-card&quot; data-impact=&quot;4&quot;&gt;
+                                 &lt;div class=&quot;rec-header&quot;&gt;
+                                     &lt;div class=&quot;rec-priority&quot;&gt;#1&lt;/div&gt;
+                                     &lt;div class=&quot;rec-impact&quot;&gt;+4pts&lt;/div&gt;
+                                 &lt;/div&gt;
+                                 &lt;div class=&quot;rec-content&quot;&gt;
+                                     &lt;div class=&quot;rec-title&quot;&gt;Fix 256 ESLint errors&lt;/div&gt;
+                                     &lt;div class=&quot;rec-desc&quot;&gt;You have 256 ESLint errors that need immediate attention.&lt;/div&gt;
+                                     &lt;div class=&quot;rec-category&quot;&gt;quality&lt;/div&gt;
+                                 &lt;/div&gt;
+                             &lt;/div&gt;
+                         
+                             &lt;div class=&quot;recommendation-card&quot; data-impact=&quot;4&quot;&gt;
+                                 &lt;div class=&quot;rec-header&quot;&gt;
+                                     &lt;div class=&quot;rec-priority&quot;&gt;#2&lt;/div&gt;
+                                     &lt;div class=&quot;rec-impact&quot;&gt;+4pts&lt;/div&gt;
+                                 &lt;/div&gt;
+                                 &lt;div class=&quot;rec-content&quot;&gt;
+                                     &lt;div class=&quot;rec-title&quot;&gt;Increase test coverage to 80%+&lt;/div&gt;
+                                     &lt;div class=&quot;rec-desc&quot;&gt;Comprehensive testing prevents regressions and improves code quality.&lt;/div&gt;
+                                     &lt;div class=&quot;rec-category&quot;&gt;testing&lt;/div&gt;
+                                 &lt;/div&gt;
+                             &lt;/div&gt;
+                         
+                             &lt;div class=&quot;recommendation-card&quot; data-impact=&quot;3&quot;&gt;
+                                 &lt;div class=&quot;rec-header&quot;&gt;
+                                     &lt;div class=&quot;rec-priority&quot;&gt;#3&lt;/div&gt;
+                                     &lt;div class=&quot;rec-impact&quot;&gt;+3pts&lt;/div&gt;
+                                 &lt;/div&gt;
+                                 &lt;div class=&quot;rec-content&quot;&gt;
+                                     &lt;div class=&quot;rec-title&quot;&gt;Add more test files (35 tests for 138 source files)&lt;/div&gt;
+                                     &lt;div class=&quot;rec-desc&quot;&gt;Too few test files suggests major gaps in test coverage.&lt;/div&gt;
+                                     &lt;div class=&quot;rec-category&quot;&gt;testing&lt;/div&gt;
+                                 &lt;/div&gt;
+                             &lt;/div&gt;
+                         
+                             &lt;div class=&quot;recommendation-card&quot; data-impact=&quot;3&quot;&gt;
+                                 &lt;div class=&quot;rec-header&quot;&gt;
+                                     &lt;div class=&quot;rec-priority&quot;&gt;#4&lt;/div&gt;
+                                     &lt;div class=&quot;rec-impact&quot;&gt;+3pts&lt;/div&gt;
+                                 &lt;/div&gt;
+                                 &lt;div class=&quot;rec-content&quot;&gt;
+                                     &lt;div class=&quot;rec-title&quot;&gt;Work on remaining quality gaps&lt;/div&gt;
+                                     &lt;div class=&quot;rec-desc&quot;&gt;You&apos;re on the right track! Focus on the areas with the lowest scores.&lt;/div&gt;
+                                     &lt;div class=&quot;rec-category&quot;&gt;general&lt;/div&gt;
+                                 &lt;/div&gt;
+                             &lt;/div&gt;
+                         
+                             &lt;div class=&quot;recommendation-card&quot; data-impact=&quot;3&quot;&gt;
+                                 &lt;div class=&quot;rec-header&quot;&gt;
+                                     &lt;div class=&quot;rec-priority&quot;&gt;#5&lt;/div&gt;
+                                     &lt;div class=&quot;rec-impact&quot;&gt;+3pts&lt;/div&gt;
+                                 &lt;/div&gt;
+                                 &lt;div class=&quot;rec-content&quot;&gt;
+                                     &lt;div class=&quot;rec-title&quot;&gt;Implement Context7 standards for AI integration&lt;/div&gt;
+                                     &lt;div class=&quot;rec-desc&quot;&gt;Context7 patterns help AI assistants understand and work with your code better.&lt;/div&gt;
+                                     &lt;div class=&quot;rec-category&quot;&gt;context7&lt;/div&gt;
+                                 &lt;/div&gt;
+                             &lt;/div&gt;
+                         
+                             &lt;div class=&quot;recommendation-card&quot; data-impact=&quot;2&quot;&gt;
+                                 &lt;div class=&quot;rec-header&quot;&gt;
+                                     &lt;div class=&quot;rec-priority&quot;&gt;#6&lt;/div&gt;
+                                     &lt;div class=&quot;rec-impact&quot;&gt;+2pts&lt;/div&gt;
+                                 &lt;/div&gt;
+                                 &lt;div class=&quot;rec-content&quot;&gt;
+                                     &lt;div class=&quot;rec-title&quot;&gt;Fix &apos;indent&apos; violations (226 instances)&lt;/div&gt;
+                                     &lt;div class=&quot;rec-desc&quot;&gt;Consistent indentation improves code readability.&lt;/div&gt;
+                                     &lt;div class=&quot;rec-category&quot;&gt;quality&lt;/div&gt;
+                                 &lt;/div&gt;
+                             &lt;/div&gt;
+                         
+                             &lt;div class=&quot;recommendation-card&quot; data-impact=&quot;2&quot;&gt;
+                                 &lt;div class=&quot;rec-header&quot;&gt;
+                                     &lt;div class=&quot;rec-priority&quot;&gt;#7&lt;/div&gt;
+                                     &lt;div class=&quot;rec-impact&quot;&gt;+2pts&lt;/div&gt;
+                                 &lt;/div&gt;
+                                 &lt;div class=&quot;rec-content&quot;&gt;
+                                     &lt;div class=&quot;rec-title&quot;&gt;Document 1695 undocumented methods&lt;/div&gt;
+                                     &lt;div class=&quot;rec-desc&quot;&gt;Method documentation helps AI assistants understand your code better.&lt;/div&gt;
+                                     &lt;div class=&quot;rec-category&quot;&gt;quality&lt;/div&gt;
+                                 &lt;/div&gt;
+                             &lt;/div&gt;
+                         
+                             &lt;div class=&quot;recommendation-card&quot; data-impact=&quot;2&quot;&gt;
+                                 &lt;div class=&quot;rec-header&quot;&gt;
+                                     &lt;div class=&quot;rec-priority&quot;&gt;#8&lt;/div&gt;
+                                     &lt;div class=&quot;rec-impact&quot;&gt;+2pts&lt;/div&gt;
+                                 &lt;/div&gt;
+                                 &lt;div class=&quot;rec-content&quot;&gt;
+                                     &lt;div class=&quot;rec-title&quot;&gt;Document 6 undocumented classes&lt;/div&gt;
+                                     &lt;div class=&quot;rec-desc&quot;&gt;Class documentation provides essential context for understanding code architecture.&lt;/div&gt;
+                                     &lt;div class=&quot;rec-category&quot;&gt;quality&lt;/div&gt;
+                                 &lt;/div&gt;
+                             &lt;/div&gt;
+                         
+                             &lt;div class=&quot;recommendation-card&quot; data-impact=&quot;2&quot;&gt;
+                                 &lt;div class=&quot;rec-header&quot;&gt;
+                                     &lt;div class=&quot;rec-priority&quot;&gt;#9&lt;/div&gt;
+                                     &lt;div class=&quot;rec-impact&quot;&gt;+2pts&lt;/div&gt;
+                                 &lt;/div&gt;
+                                 &lt;div class=&quot;rec-content&quot;&gt;
+                                     &lt;div class=&quot;rec-title&quot;&gt;Address 6 moderate/low security issues&lt;/div&gt;
+                                     &lt;div class=&quot;rec-desc&quot;&gt;These vulnerabilities should be addressed in the next development cycle.&lt;/div&gt;
+                                     &lt;div class=&quot;rec-category&quot;&gt;security&lt;/div&gt;
+                                 &lt;/div&gt;
+                             &lt;/div&gt;
+                         
+                     &lt;/div&gt;
+                 &lt;/section&gt;
+             
+             
+             &lt;footer style=&quot;margin-top: 4rem; padding: 2rem 0; border-top: 1px solid var(--border);&quot;&gt;
+                 &lt;div style=&quot;display: flex; justify-content: space-between; align-items: center; color: var(--text-muted);&quot;&gt;
+                     &lt;div style=&quot;display: flex; align-items: center; gap: 0.5rem; font-weight: 500;&quot;&gt;
+                         &lt;i class=&quot;fas fa-chart-line&quot;&gt;&lt;/i&gt;
+                         &lt;span&gt;Generated by Context7 MCP Quality Scorer&lt;/span&gt;
+                     &lt;/div&gt;
+                     &lt;div style=&quot;font-size: 0.875rem;&quot;&gt;
+                         9/1/2025, 4:07:00 PM
+                     &lt;/div&gt;
+                 &lt;/div&gt;
+             &lt;/footer&gt;
+         &lt;/main&gt;
+     &lt;/div&gt;
+     
+     &lt;script&gt;
+         // Theme Management
+         function toggleTheme() {
+             const body = document.body;
+             const icon = document.querySelector(&apos;.theme-toggle i&apos;);
+             const currentTheme = body.getAttribute(&apos;data-theme&apos;);
+             const newTheme = currentTheme === &apos;dark&apos; ? &apos;light&apos; : &apos;dark&apos;;
+             
+             body.setAttribute(&apos;data-theme&apos;, newTheme);
+             icon.className = newTheme === &apos;dark&apos; ? &apos;fas fa-sun&apos; : &apos;fas fa-moon&apos;;
+             localStorage.setItem(&apos;theme&apos;, newTheme);
+         }
+         
+         // Load saved theme
+         document.addEventListener(&apos;DOMContentLoaded&apos;, function() {
+             const savedTheme = localStorage.getItem(&apos;theme&apos;) || &apos;dark&apos;;
+             document.body.setAttribute(&apos;data-theme&apos;, savedTheme);
+             document.querySelector(&apos;.theme-toggle i&apos;).className = savedTheme === &apos;dark&apos; ? &apos;fas fa-sun&apos; : &apos;fas fa-moon&apos;;
+         });
+         
+         // Category Details Toggle
+         function toggleCategoryDetails(categoryId) {
+             const details = document.getElementById(`details-${categoryId}`);
+             const toggle = details.parentElement.querySelector(&apos;.expand-toggle i&apos;);
+             
+             if (details.classList.contains(&apos;expanded&apos;)) {
+                 details.classList.remove(&apos;expanded&apos;);
+                 toggle.className = &apos;fas fa-chevron-down&apos;;
+             } else {
+                 details.classList.add(&apos;expanded&apos;);
+                 toggle.className = &apos;fas fa-chevron-up&apos;;
+             }
+         }
+         
+         // Search Functionality
+         document.getElementById(&apos;searchInput&apos;)?.addEventListener(&apos;input&apos;, function(e) {
+             const query = e.target.value.toLowerCase();
+             const cards = document.querySelectorAll(&apos;.category-card, .recommendation-card&apos;);
+             
+             cards.forEach(card =&gt; {
+                 const text = card.textContent.toLowerCase();
+                 if (text.includes(query) || query === &apos;&apos;) {
+                     card.style.display = &apos;&apos;;
+                 } else {
+                     card.style.display = &apos;none&apos;;
+                 }
+             });
+         });
+         
+         // Charts Initialization
+         document.addEventListener(&apos;DOMContentLoaded&apos;, function() {
+             // Score Circle Chart
+             const scoreCtx = document.getElementById(&apos;scoreChart&apos;);
+             if (scoreCtx) {
+                 new Chart(scoreCtx, {
+                     type: &apos;doughnut&apos;,
+                     data: {
+                         datasets: [{
+                             data: [74, 26],
+                             backgroundColor: [&apos;#3b82f6&apos;, &apos;rgba(255,255,255,0.1)&apos;],
+                             borderWidth: 0,
+                             cutout: &apos;75%&apos;
+                         }]
+                     },
+                     options: {
+                         responsive: true,
+                         maintainAspectRatio: false,
+                         plugins: {
+                             legend: { display: false }
+                         }
+                     }
+                 });
+             }
+             
+             // Category Breakdown Chart
+             const categoryCtx = document.getElementById(&apos;categoryChart&apos;);
+             if (categoryCtx) {
+                 const categoryData = [{&quot;name&quot;:&quot;Code Structure &amp; Architecture&quot;,&quot;score&quot;:93},{&quot;name&quot;:&quot;Code Quality &amp; Maintainability&quot;,&quot;score&quot;:53},{&quot;name&quot;:&quot;Performance &amp; Optimization&quot;,&quot;score&quot;:70},{&quot;name&quot;:&quot;Testing &amp; Documentation&quot;,&quot;score&quot;:60},{&quot;name&quot;:&quot;Security &amp; Error Handling&quot;,&quot;score&quot;:81},{&quot;name&quot;:&quot;Developer Experience&quot;,&quot;score&quot;:85},{&quot;name&quot;:&quot;Completeness &amp; Production Readiness&quot;,&quot;score&quot;:100}];
+                 
+                 new Chart(categoryCtx, {
+                     type: &apos;radar&apos;,
+                     data: {
+                         labels: categoryData.map(c =&gt; c.name.split(&apos; &apos;).slice(0, 2).join(&apos; &apos;)),
+                         datasets: [{
+                             label: &apos;Score %&apos;,
+                             data: categoryData.map(c =&gt; c.score),
+                             backgroundColor: &apos;rgba(59, 130, 246, 0.2)&apos;,
+                             borderColor: &apos;#3b82f6&apos;,
+                             borderWidth: 2,
+                             pointBackgroundColor: &apos;#3b82f6&apos;
+                         }]
+                     },
+                     options: {
+                         responsive: true,
+                         maintainAspectRatio: false,
+                         scales: {
+                             r: {
+                                 beginAtZero: true,
+                                 max: 100,
+                                 grid: { color: &apos;rgba(255,255,255,0.1)&apos; },
+                                 angleLines: { color: &apos;rgba(255,255,255,0.1)&apos; },
+                                 pointLabels: { color: &apos;#cbd5e1&apos;, font: { size: 11 } }
+                             }
+                         },
+                         plugins: {
+                             legend: { display: false }
+                         }
+                     }
+                 });
+             }
+         });
+     &lt;/script&gt;
+ &lt;/body&gt;
+ &lt;/html&gt;

 ❯ tests/integration/enhanced-reporting.test.js:289:26
            </failure>
        </testcase>
        <testcase classname="tests/integration/enhanced-reporting.test.js" name="Enhanced Reporting System &gt; HTML Report Generation &gt; should write HTML report to file" time="0.003361">
            <system-out>
✅ HTML report written: C:\cursor\context7-mcp\test-quality-report.html (55155 bytes)

            </system-out>
        </testcase>
        <testcase classname="tests/integration/enhanced-reporting.test.js" name="Enhanced Reporting System &gt; Data Quality Validation &gt; should have consistent data across categories" time="0.0015497">
            <system-out>
✅ Category data consistency verified

            </system-out>
        </testcase>
        <testcase classname="tests/integration/enhanced-reporting.test.js" name="Enhanced Reporting System &gt; Data Quality Validation &gt; should have valid recommendations structure" time="0.001492">
            <system-out>
✅ Recommendations structure validated

            </system-out>
        </testcase>
        <testcase classname="tests/integration/enhanced-reporting.test.js" name="Enhanced Reporting System &gt; Data Quality Validation &gt; should have proper metadata" time="0.000273">
            <system-out>
✅ Metadata validation passed

            </system-out>
        </testcase>
        <testcase classname="tests/integration/enhanced-reporting.test.js" name="Enhanced Reporting System &gt; Performance and Reliability &gt; should complete analysis within reasonable time" time="51.6342086">
            <system-out>
🎯 Analyzing context7-mcp project quality...
══════════════════════════════════════════════════════════

🎯 Analyzing context7-mcp project quality...
══════════════════════════════════════════════════════════


✅ Analysis complete!
✅ Analysis completed in 26807ms

🎯 Analyzing context7-mcp project quality...
══════════════════════════════════════════════════════════


✅ Analysis complete!
✅ Analysis completed in 27715ms

            </system-out>
            <failure message="Test timed out in 15000ms.
If this is a long-running test, pass a timeout value as the last argument or configure it globally with &quot;testTimeout&quot;." type="Error">
Error: Test timed out in 15000ms.
If this is a long-running test, pass a timeout value as the last argument or configure it globally with &quot;testTimeout&quot;.
            </failure>
            <failure message="Test timed out in 15000ms.
If this is a long-running test, pass a timeout value as the last argument or configure it globally with &quot;testTimeout&quot;." type="Error">
Error: Test timed out in 15000ms.
If this is a long-running test, pass a timeout value as the last argument or configure it globally with &quot;testTimeout&quot;.
            </failure>
            <failure message="Test timed out in 15000ms.
If this is a long-running test, pass a timeout value as the last argument or configure it globally with &quot;testTimeout&quot;." type="Error">
Error: Test timed out in 15000ms.
If this is a long-running test, pass a timeout value as the last argument or configure it globally with &quot;testTimeout&quot;.
            </failure>
        </testcase>
        <testcase classname="tests/integration/enhanced-reporting.test.js" name="Enhanced Reporting System &gt; Performance and Reliability &gt; should handle missing tools gracefully" time="0.0003606">
            <system-out>
✅ Graceful degradation verified

            </system-out>
        </testcase>
    </testsuite>
</testsuites>
