{"numTotalTestSuites":11,"numPassedTestSuites":4,"numFailedTestSuites":7,"numPendingTestSuites":0,"numTotalTests":19,"numPassedTests":11,"numFailedTests":8,"numPendingTests":0,"numTodoTests":0,"snapshot":{"added":0,"failure":false,"filesAdded":0,"filesRemoved":0,"filesRemovedList":[],"filesUnmatched":0,"filesUpdated":0,"matched":0,"total":0,"unchecked":0,"uncheckedKeysByFile":[],"unmatched":0,"updated":0,"didUpdate":false},"startTime":1756771079475,"success":false,"testResults":[{"assertionResults":[{"ancestorTitles":["DynamicPatternLearner","constructor"],"fullName":"DynamicPatternLearner constructor should initialize with default configuration","status":"passed","title":"should initialize with default configuration","duration":9.745200000000068,"failureMessages":[],"meta":{}},{"ancestorTitles":["DynamicPatternLearner","constructor"],"fullName":"DynamicPatternLearner constructor should initialize with custom configuration","status":"passed","title":"should initialize with custom configuration","duration":8.352600000000052,"failureMessages":[],"meta":{}},{"ancestorTitles":["DynamicPatternLearner","learnFromSuccess"],"fullName":"DynamicPatternLearner learnFromSuccess should learn patterns from successful code","status":"passed","title":"should learn patterns from successful code","duration":12.645500000000084,"failureMessages":[],"meta":{}},{"ancestorTitles":["DynamicPatternLearner","learnFromSuccess"],"fullName":"DynamicPatternLearner learnFromSuccess should learn from multiple code examples","status":"passed","title":"should learn from multiple code examples","duration":9.359699999999975,"failureMessages":[],"meta":{}},{"ancestorTitles":["DynamicPatternLearner","learnFromSuccess"],"fullName":"DynamicPatternLearner learnFromSuccess should handle failed code examples","status":"passed","title":"should handle failed code examples","duration":8.229299999999967,"failureMessages":[],"meta":{}},{"ancestorTitles":["DynamicPatternLearner","learnFromSuccess"],"fullName":"DynamicPatternLearner learnFromSuccess should extract patterns from code structure","status":"passed","title":"should extract patterns from code structure","duration":7.945299999999975,"failureMessages":[],"meta":{}},{"ancestorTitles":["DynamicPatternLearner","getPatternSuggestions"],"fullName":"DynamicPatternLearner getPatternSuggestions should suggest patterns based on context","status":"failed","title":"should suggest patterns based on context","duration":52.396499999999946,"failureMessages":["AssertionError: expected 0 to be greater than 0\n    at C:\\cursor\\context7-mcp\\tests\\unit\\learning\\DynamicPatternLearner.test.js:217:34\n    at file:///C:/cursor/context7-mcp/node_modules/@vitest/runner/dist/index.js:533:5\n    at runTest (file:///C:/cursor/context7-mcp/node_modules/@vitest/runner/dist/index.js:1056:11)\n    at runSuite (file:///C:/cursor/context7-mcp/node_modules/@vitest/runner/dist/index.js:1205:15)\n    at runSuite (file:///C:/cursor/context7-mcp/node_modules/@vitest/runner/dist/index.js:1205:15)\n    at runSuite (file:///C:/cursor/context7-mcp/node_modules/@vitest/runner/dist/index.js:1205:15)\n    at runFiles (file:///C:/cursor/context7-mcp/node_modules/@vitest/runner/dist/index.js:1262:5)\n    at startTests (file:///C:/cursor/context7-mcp/node_modules/@vitest/runner/dist/index.js:1271:3)\n    at file:///C:/cursor/context7-mcp/node_modules/vitest/dist/chunks/runBaseTests.3qpJUEJM.js:126:11\n    at withEnv (file:///C:/cursor/context7-mcp/node_modules/vitest/dist/chunks/runBaseTests.3qpJUEJM.js:90:5)","AssertionError: expected 0 to be greater than 0\n    at C:\\cursor\\context7-mcp\\tests\\unit\\learning\\DynamicPatternLearner.test.js:217:34\n    at file:///C:/cursor/context7-mcp/node_modules/@vitest/runner/dist/index.js:533:5\n    at runTest (file:///C:/cursor/context7-mcp/node_modules/@vitest/runner/dist/index.js:1056:11)\n    at runSuite (file:///C:/cursor/context7-mcp/node_modules/@vitest/runner/dist/index.js:1205:15)\n    at runSuite (file:///C:/cursor/context7-mcp/node_modules/@vitest/runner/dist/index.js:1205:15)\n    at runSuite (file:///C:/cursor/context7-mcp/node_modules/@vitest/runner/dist/index.js:1205:15)\n    at runFiles (file:///C:/cursor/context7-mcp/node_modules/@vitest/runner/dist/index.js:1262:5)\n    at startTests (file:///C:/cursor/context7-mcp/node_modules/@vitest/runner/dist/index.js:1271:3)\n    at file:///C:/cursor/context7-mcp/node_modules/vitest/dist/chunks/runBaseTests.3qpJUEJM.js:126:11\n    at withEnv (file:///C:/cursor/context7-mcp/node_modules/vitest/dist/chunks/runBaseTests.3qpJUEJM.js:90:5)","AssertionError: expected 0 to be greater than 0\n    at C:\\cursor\\context7-mcp\\tests\\unit\\learning\\DynamicPatternLearner.test.js:217:34\n    at file:///C:/cursor/context7-mcp/node_modules/@vitest/runner/dist/index.js:533:5\n    at runTest (file:///C:/cursor/context7-mcp/node_modules/@vitest/runner/dist/index.js:1056:11)\n    at runSuite (file:///C:/cursor/context7-mcp/node_modules/@vitest/runner/dist/index.js:1205:15)\n    at runSuite (file:///C:/cursor/context7-mcp/node_modules/@vitest/runner/dist/index.js:1205:15)\n    at runSuite (file:///C:/cursor/context7-mcp/node_modules/@vitest/runner/dist/index.js:1205:15)\n    at runFiles (file:///C:/cursor/context7-mcp/node_modules/@vitest/runner/dist/index.js:1262:5)\n    at startTests (file:///C:/cursor/context7-mcp/node_modules/@vitest/runner/dist/index.js:1271:3)\n    at file:///C:/cursor/context7-mcp/node_modules/vitest/dist/chunks/runBaseTests.3qpJUEJM.js:126:11\n    at withEnv (file:///C:/cursor/context7-mcp/node_modules/vitest/dist/chunks/runBaseTests.3qpJUEJM.js:90:5)"],"meta":{}},{"ancestorTitles":["DynamicPatternLearner","getPatternSuggestions"],"fullName":"DynamicPatternLearner getPatternSuggestions should rank suggestions by effectiveness","status":"failed","title":"should rank suggestions by effectiveness","duration":42.64530000000002,"failureMessages":["AssertionError: expected 0 to be greater than 1\n    at C:\\cursor\\context7-mcp\\tests\\unit\\learning\\DynamicPatternLearner.test.js:251:34\n    at file:///C:/cursor/context7-mcp/node_modules/@vitest/runner/dist/index.js:533:5\n    at runTest (file:///C:/cursor/context7-mcp/node_modules/@vitest/runner/dist/index.js:1056:11)\n    at runSuite (file:///C:/cursor/context7-mcp/node_modules/@vitest/runner/dist/index.js:1205:15)\n    at runSuite (file:///C:/cursor/context7-mcp/node_modules/@vitest/runner/dist/index.js:1205:15)\n    at runSuite (file:///C:/cursor/context7-mcp/node_modules/@vitest/runner/dist/index.js:1205:15)\n    at runFiles (file:///C:/cursor/context7-mcp/node_modules/@vitest/runner/dist/index.js:1262:5)\n    at startTests (file:///C:/cursor/context7-mcp/node_modules/@vitest/runner/dist/index.js:1271:3)\n    at file:///C:/cursor/context7-mcp/node_modules/vitest/dist/chunks/runBaseTests.3qpJUEJM.js:126:11\n    at withEnv (file:///C:/cursor/context7-mcp/node_modules/vitest/dist/chunks/runBaseTests.3qpJUEJM.js:90:5)","AssertionError: expected 0 to be greater than 1\n    at C:\\cursor\\context7-mcp\\tests\\unit\\learning\\DynamicPatternLearner.test.js:251:34\n    at file:///C:/cursor/context7-mcp/node_modules/@vitest/runner/dist/index.js:533:5\n    at runTest (file:///C:/cursor/context7-mcp/node_modules/@vitest/runner/dist/index.js:1056:11)\n    at runSuite (file:///C:/cursor/context7-mcp/node_modules/@vitest/runner/dist/index.js:1205:15)\n    at runSuite (file:///C:/cursor/context7-mcp/node_modules/@vitest/runner/dist/index.js:1205:15)\n    at runSuite (file:///C:/cursor/context7-mcp/node_modules/@vitest/runner/dist/index.js:1205:15)\n    at runFiles (file:///C:/cursor/context7-mcp/node_modules/@vitest/runner/dist/index.js:1262:5)\n    at startTests (file:///C:/cursor/context7-mcp/node_modules/@vitest/runner/dist/index.js:1271:3)\n    at file:///C:/cursor/context7-mcp/node_modules/vitest/dist/chunks/runBaseTests.3qpJUEJM.js:126:11\n    at withEnv (file:///C:/cursor/context7-mcp/node_modules/vitest/dist/chunks/runBaseTests.3qpJUEJM.js:90:5)","AssertionError: expected 0 to be greater than 1\n    at C:\\cursor\\context7-mcp\\tests\\unit\\learning\\DynamicPatternLearner.test.js:251:34\n    at file:///C:/cursor/context7-mcp/node_modules/@vitest/runner/dist/index.js:533:5\n    at runTest (file:///C:/cursor/context7-mcp/node_modules/@vitest/runner/dist/index.js:1056:11)\n    at runSuite (file:///C:/cursor/context7-mcp/node_modules/@vitest/runner/dist/index.js:1205:15)\n    at runSuite (file:///C:/cursor/context7-mcp/node_modules/@vitest/runner/dist/index.js:1205:15)\n    at runSuite (file:///C:/cursor/context7-mcp/node_modules/@vitest/runner/dist/index.js:1205:15)\n    at runFiles (file:///C:/cursor/context7-mcp/node_modules/@vitest/runner/dist/index.js:1262:5)\n    at startTests (file:///C:/cursor/context7-mcp/node_modules/@vitest/runner/dist/index.js:1271:3)\n    at file:///C:/cursor/context7-mcp/node_modules/vitest/dist/chunks/runBaseTests.3qpJUEJM.js:126:11\n    at withEnv (file:///C:/cursor/context7-mcp/node_modules/vitest/dist/chunks/runBaseTests.3qpJUEJM.js:90:5)"],"meta":{}},{"ancestorTitles":["DynamicPatternLearner","getPatternSuggestions"],"fullName":"DynamicPatternLearner getPatternSuggestions should return empty array when no patterns match","status":"passed","title":"should return empty array when no patterns match","duration":2.864599999999996,"failureMessages":[],"meta":{}},{"ancestorTitles":["DynamicPatternLearner","updatePatternEffectiveness"],"fullName":"DynamicPatternLearner updatePatternEffectiveness should update pattern effectiveness based on feedback","status":"failed","title":"should update pattern effectiveness based on feedback","duration":43.94380000000001,"failureMessages":["AssertionError: expected 0.8 to be greater than 0.8\n    at C:\\cursor\\context7-mcp\\tests\\unit\\learning\\DynamicPatternLearner.test.js:293:45\n    at file:///C:/cursor/context7-mcp/node_modules/@vitest/runner/dist/index.js:533:5\n    at runTest (file:///C:/cursor/context7-mcp/node_modules/@vitest/runner/dist/index.js:1056:11)\n    at runSuite (file:///C:/cursor/context7-mcp/node_modules/@vitest/runner/dist/index.js:1205:15)\n    at runSuite (file:///C:/cursor/context7-mcp/node_modules/@vitest/runner/dist/index.js:1205:15)\n    at runSuite (file:///C:/cursor/context7-mcp/node_modules/@vitest/runner/dist/index.js:1205:15)\n    at runFiles (file:///C:/cursor/context7-mcp/node_modules/@vitest/runner/dist/index.js:1262:5)\n    at startTests (file:///C:/cursor/context7-mcp/node_modules/@vitest/runner/dist/index.js:1271:3)\n    at file:///C:/cursor/context7-mcp/node_modules/vitest/dist/chunks/runBaseTests.3qpJUEJM.js:126:11\n    at withEnv (file:///C:/cursor/context7-mcp/node_modules/vitest/dist/chunks/runBaseTests.3qpJUEJM.js:90:5)","AssertionError: expected 0.8 to be greater than 0.8\n    at C:\\cursor\\context7-mcp\\tests\\unit\\learning\\DynamicPatternLearner.test.js:293:45\n    at file:///C:/cursor/context7-mcp/node_modules/@vitest/runner/dist/index.js:533:5\n    at runTest (file:///C:/cursor/context7-mcp/node_modules/@vitest/runner/dist/index.js:1056:11)\n    at runSuite (file:///C:/cursor/context7-mcp/node_modules/@vitest/runner/dist/index.js:1205:15)\n    at runSuite (file:///C:/cursor/context7-mcp/node_modules/@vitest/runner/dist/index.js:1205:15)\n    at runSuite (file:///C:/cursor/context7-mcp/node_modules/@vitest/runner/dist/index.js:1205:15)\n    at runFiles (file:///C:/cursor/context7-mcp/node_modules/@vitest/runner/dist/index.js:1262:5)\n    at startTests (file:///C:/cursor/context7-mcp/node_modules/@vitest/runner/dist/index.js:1271:3)\n    at file:///C:/cursor/context7-mcp/node_modules/vitest/dist/chunks/runBaseTests.3qpJUEJM.js:126:11\n    at withEnv (file:///C:/cursor/context7-mcp/node_modules/vitest/dist/chunks/runBaseTests.3qpJUEJM.js:90:5)","AssertionError: expected 0.8 to be greater than 0.8\n    at C:\\cursor\\context7-mcp\\tests\\unit\\learning\\DynamicPatternLearner.test.js:293:45\n    at file:///C:/cursor/context7-mcp/node_modules/@vitest/runner/dist/index.js:533:5\n    at runTest (file:///C:/cursor/context7-mcp/node_modules/@vitest/runner/dist/index.js:1056:11)\n    at runSuite (file:///C:/cursor/context7-mcp/node_modules/@vitest/runner/dist/index.js:1205:15)\n    at runSuite (file:///C:/cursor/context7-mcp/node_modules/@vitest/runner/dist/index.js:1205:15)\n    at runSuite (file:///C:/cursor/context7-mcp/node_modules/@vitest/runner/dist/index.js:1205:15)\n    at runFiles (file:///C:/cursor/context7-mcp/node_modules/@vitest/runner/dist/index.js:1262:5)\n    at startTests (file:///C:/cursor/context7-mcp/node_modules/@vitest/runner/dist/index.js:1271:3)\n    at file:///C:/cursor/context7-mcp/node_modules/vitest/dist/chunks/runBaseTests.3qpJUEJM.js:126:11\n    at withEnv (file:///C:/cursor/context7-mcp/node_modules/vitest/dist/chunks/runBaseTests.3qpJUEJM.js:90:5)"],"meta":{}},{"ancestorTitles":["DynamicPatternLearner","updatePatternEffectiveness"],"fullName":"DynamicPatternLearner updatePatternEffectiveness should handle negative feedback","status":"failed","title":"should handle negative feedback","duration":33.72679999999991,"failureMessages":["AssertionError: expected 0.8 to be less than 0.8\n    at C:\\cursor\\context7-mcp\\tests\\unit\\learning\\DynamicPatternLearner.test.js:321:45\n    at file:///C:/cursor/context7-mcp/node_modules/@vitest/runner/dist/index.js:533:5\n    at runTest (file:///C:/cursor/context7-mcp/node_modules/@vitest/runner/dist/index.js:1056:11)\n    at runSuite (file:///C:/cursor/context7-mcp/node_modules/@vitest/runner/dist/index.js:1205:15)\n    at runSuite (file:///C:/cursor/context7-mcp/node_modules/@vitest/runner/dist/index.js:1205:15)\n    at runSuite (file:///C:/cursor/context7-mcp/node_modules/@vitest/runner/dist/index.js:1205:15)\n    at runFiles (file:///C:/cursor/context7-mcp/node_modules/@vitest/runner/dist/index.js:1262:5)\n    at startTests (file:///C:/cursor/context7-mcp/node_modules/@vitest/runner/dist/index.js:1271:3)\n    at file:///C:/cursor/context7-mcp/node_modules/vitest/dist/chunks/runBaseTests.3qpJUEJM.js:126:11\n    at withEnv (file:///C:/cursor/context7-mcp/node_modules/vitest/dist/chunks/runBaseTests.3qpJUEJM.js:90:5)","AssertionError: expected 0.8 to be less than 0.8\n    at C:\\cursor\\context7-mcp\\tests\\unit\\learning\\DynamicPatternLearner.test.js:321:45\n    at file:///C:/cursor/context7-mcp/node_modules/@vitest/runner/dist/index.js:533:5\n    at runTest (file:///C:/cursor/context7-mcp/node_modules/@vitest/runner/dist/index.js:1056:11)\n    at runSuite (file:///C:/cursor/context7-mcp/node_modules/@vitest/runner/dist/index.js:1205:15)\n    at runSuite (file:///C:/cursor/context7-mcp/node_modules/@vitest/runner/dist/index.js:1205:15)\n    at runSuite (file:///C:/cursor/context7-mcp/node_modules/@vitest/runner/dist/index.js:1205:15)\n    at runFiles (file:///C:/cursor/context7-mcp/node_modules/@vitest/runner/dist/index.js:1262:5)\n    at startTests (file:///C:/cursor/context7-mcp/node_modules/@vitest/runner/dist/index.js:1271:3)\n    at file:///C:/cursor/context7-mcp/node_modules/vitest/dist/chunks/runBaseTests.3qpJUEJM.js:126:11\n    at withEnv (file:///C:/cursor/context7-mcp/node_modules/vitest/dist/chunks/runBaseTests.3qpJUEJM.js:90:5)","AssertionError: expected 0.8 to be less than 0.8\n    at C:\\cursor\\context7-mcp\\tests\\unit\\learning\\DynamicPatternLearner.test.js:321:45\n    at file:///C:/cursor/context7-mcp/node_modules/@vitest/runner/dist/index.js:533:5\n    at runTest (file:///C:/cursor/context7-mcp/node_modules/@vitest/runner/dist/index.js:1056:11)\n    at runSuite (file:///C:/cursor/context7-mcp/node_modules/@vitest/runner/dist/index.js:1205:15)\n    at runSuite (file:///C:/cursor/context7-mcp/node_modules/@vitest/runner/dist/index.js:1205:15)\n    at runSuite (file:///C:/cursor/context7-mcp/node_modules/@vitest/runner/dist/index.js:1205:15)\n    at runFiles (file:///C:/cursor/context7-mcp/node_modules/@vitest/runner/dist/index.js:1262:5)\n    at startTests (file:///C:/cursor/context7-mcp/node_modules/@vitest/runner/dist/index.js:1271:3)\n    at file:///C:/cursor/context7-mcp/node_modules/vitest/dist/chunks/runBaseTests.3qpJUEJM.js:126:11\n    at withEnv (file:///C:/cursor/context7-mcp/node_modules/vitest/dist/chunks/runBaseTests.3qpJUEJM.js:90:5)"],"meta":{}},{"ancestorTitles":["DynamicPatternLearner","getLearnedPatterns"],"fullName":"DynamicPatternLearner getLearnedPatterns should return all learned patterns","status":"passed","title":"should return all learned patterns","duration":8.729699999999866,"failureMessages":[],"meta":{}},{"ancestorTitles":["DynamicPatternLearner","getLearnedPatterns"],"fullName":"DynamicPatternLearner getLearnedPatterns should filter patterns by criteria","status":"failed","title":"should filter patterns by criteria","duration":29.16989999999987,"failureMessages":["AssertionError: expected 0 to be greater than 0\n    at C:\\cursor\\context7-mcp\\tests\\unit\\learning\\DynamicPatternLearner.test.js:383:33\n    at file:///C:/cursor/context7-mcp/node_modules/@vitest/runner/dist/index.js:533:5\n    at runTest (file:///C:/cursor/context7-mcp/node_modules/@vitest/runner/dist/index.js:1056:11)\n    at runSuite (file:///C:/cursor/context7-mcp/node_modules/@vitest/runner/dist/index.js:1205:15)\n    at runSuite (file:///C:/cursor/context7-mcp/node_modules/@vitest/runner/dist/index.js:1205:15)\n    at runSuite (file:///C:/cursor/context7-mcp/node_modules/@vitest/runner/dist/index.js:1205:15)\n    at runFiles (file:///C:/cursor/context7-mcp/node_modules/@vitest/runner/dist/index.js:1262:5)\n    at startTests (file:///C:/cursor/context7-mcp/node_modules/@vitest/runner/dist/index.js:1271:3)\n    at file:///C:/cursor/context7-mcp/node_modules/vitest/dist/chunks/runBaseTests.3qpJUEJM.js:126:11\n    at withEnv (file:///C:/cursor/context7-mcp/node_modules/vitest/dist/chunks/runBaseTests.3qpJUEJM.js:90:5)","AssertionError: expected 0 to be greater than 0\n    at C:\\cursor\\context7-mcp\\tests\\unit\\learning\\DynamicPatternLearner.test.js:383:33\n    at file:///C:/cursor/context7-mcp/node_modules/@vitest/runner/dist/index.js:533:5\n    at runTest (file:///C:/cursor/context7-mcp/node_modules/@vitest/runner/dist/index.js:1056:11)\n    at runSuite (file:///C:/cursor/context7-mcp/node_modules/@vitest/runner/dist/index.js:1205:15)\n    at runSuite (file:///C:/cursor/context7-mcp/node_modules/@vitest/runner/dist/index.js:1205:15)\n    at runSuite (file:///C:/cursor/context7-mcp/node_modules/@vitest/runner/dist/index.js:1205:15)\n    at runFiles (file:///C:/cursor/context7-mcp/node_modules/@vitest/runner/dist/index.js:1262:5)\n    at startTests (file:///C:/cursor/context7-mcp/node_modules/@vitest/runner/dist/index.js:1271:3)\n    at file:///C:/cursor/context7-mcp/node_modules/vitest/dist/chunks/runBaseTests.3qpJUEJM.js:126:11\n    at withEnv (file:///C:/cursor/context7-mcp/node_modules/vitest/dist/chunks/runBaseTests.3qpJUEJM.js:90:5)","AssertionError: expected 0 to be greater than 0\n    at C:\\cursor\\context7-mcp\\tests\\unit\\learning\\DynamicPatternLearner.test.js:383:33\n    at file:///C:/cursor/context7-mcp/node_modules/@vitest/runner/dist/index.js:533:5\n    at runTest (file:///C:/cursor/context7-mcp/node_modules/@vitest/runner/dist/index.js:1056:11)\n    at runSuite (file:///C:/cursor/context7-mcp/node_modules/@vitest/runner/dist/index.js:1205:15)\n    at runSuite (file:///C:/cursor/context7-mcp/node_modules/@vitest/runner/dist/index.js:1205:15)\n    at runSuite (file:///C:/cursor/context7-mcp/node_modules/@vitest/runner/dist/index.js:1205:15)\n    at runFiles (file:///C:/cursor/context7-mcp/node_modules/@vitest/runner/dist/index.js:1262:5)\n    at startTests (file:///C:/cursor/context7-mcp/node_modules/@vitest/runner/dist/index.js:1271:3)\n    at file:///C:/cursor/context7-mcp/node_modules/vitest/dist/chunks/runBaseTests.3qpJUEJM.js:126:11\n    at withEnv (file:///C:/cursor/context7-mcp/node_modules/vitest/dist/chunks/runBaseTests.3qpJUEJM.js:90:5)"],"meta":{}},{"ancestorTitles":["DynamicPatternLearner","exportPatterns"],"fullName":"DynamicPatternLearner exportPatterns should export patterns to file","status":"passed","title":"should export patterns to file","duration":12.070300000000088,"failureMessages":[],"meta":{}},{"ancestorTitles":["DynamicPatternLearner","importPatterns"],"fullName":"DynamicPatternLearner importPatterns should import patterns from file","status":"failed","title":"should import patterns from file","duration":20.750800000000027,"failureMessages":["AssertionError: expected +0 to be 1 // Object.is equality\n    at C:\\cursor\\context7-mcp\\tests\\unit\\learning\\DynamicPatternLearner.test.js:445:36\n    at file:///C:/cursor/context7-mcp/node_modules/@vitest/runner/dist/index.js:533:5\n    at runTest (file:///C:/cursor/context7-mcp/node_modules/@vitest/runner/dist/index.js:1056:11)\n    at runSuite (file:///C:/cursor/context7-mcp/node_modules/@vitest/runner/dist/index.js:1205:15)\n    at runSuite (file:///C:/cursor/context7-mcp/node_modules/@vitest/runner/dist/index.js:1205:15)\n    at runSuite (file:///C:/cursor/context7-mcp/node_modules/@vitest/runner/dist/index.js:1205:15)\n    at runFiles (file:///C:/cursor/context7-mcp/node_modules/@vitest/runner/dist/index.js:1262:5)\n    at startTests (file:///C:/cursor/context7-mcp/node_modules/@vitest/runner/dist/index.js:1271:3)\n    at file:///C:/cursor/context7-mcp/node_modules/vitest/dist/chunks/runBaseTests.3qpJUEJM.js:126:11\n    at withEnv (file:///C:/cursor/context7-mcp/node_modules/vitest/dist/chunks/runBaseTests.3qpJUEJM.js:90:5)","AssertionError: expected +0 to be 1 // Object.is equality\n    at C:\\cursor\\context7-mcp\\tests\\unit\\learning\\DynamicPatternLearner.test.js:445:36\n    at file:///C:/cursor/context7-mcp/node_modules/@vitest/runner/dist/index.js:533:5\n    at runTest (file:///C:/cursor/context7-mcp/node_modules/@vitest/runner/dist/index.js:1056:11)\n    at runSuite (file:///C:/cursor/context7-mcp/node_modules/@vitest/runner/dist/index.js:1205:15)\n    at runSuite (file:///C:/cursor/context7-mcp/node_modules/@vitest/runner/dist/index.js:1205:15)\n    at runSuite (file:///C:/cursor/context7-mcp/node_modules/@vitest/runner/dist/index.js:1205:15)\n    at runFiles (file:///C:/cursor/context7-mcp/node_modules/@vitest/runner/dist/index.js:1262:5)\n    at startTests (file:///C:/cursor/context7-mcp/node_modules/@vitest/runner/dist/index.js:1271:3)\n    at file:///C:/cursor/context7-mcp/node_modules/vitest/dist/chunks/runBaseTests.3qpJUEJM.js:126:11\n    at withEnv (file:///C:/cursor/context7-mcp/node_modules/vitest/dist/chunks/runBaseTests.3qpJUEJM.js:90:5)","AssertionError: expected +0 to be 1 // Object.is equality\n    at C:\\cursor\\context7-mcp\\tests\\unit\\learning\\DynamicPatternLearner.test.js:445:36\n    at file:///C:/cursor/context7-mcp/node_modules/@vitest/runner/dist/index.js:533:5\n    at runTest (file:///C:/cursor/context7-mcp/node_modules/@vitest/runner/dist/index.js:1056:11)\n    at runSuite (file:///C:/cursor/context7-mcp/node_modules/@vitest/runner/dist/index.js:1205:15)\n    at runSuite (file:///C:/cursor/context7-mcp/node_modules/@vitest/runner/dist/index.js:1205:15)\n    at runSuite (file:///C:/cursor/context7-mcp/node_modules/@vitest/runner/dist/index.js:1205:15)\n    at runFiles (file:///C:/cursor/context7-mcp/node_modules/@vitest/runner/dist/index.js:1262:5)\n    at startTests (file:///C:/cursor/context7-mcp/node_modules/@vitest/runner/dist/index.js:1271:3)\n    at file:///C:/cursor/context7-mcp/node_modules/vitest/dist/chunks/runBaseTests.3qpJUEJM.js:126:11\n    at withEnv (file:///C:/cursor/context7-mcp/node_modules/vitest/dist/chunks/runBaseTests.3qpJUEJM.js:90:5)"],"meta":{}},{"ancestorTitles":["DynamicPatternLearner","error handling"],"fullName":"DynamicPatternLearner error handling should handle invalid code context","status":"failed","title":"should handle invalid code context","duration":26.041600000000017,"failureMessages":["Error: promise resolved \"{ success: true, …(3) }\" instead of rejecting\n    at _Assertion.__VITEST_REJECTS__ (file:///C:/cursor/context7-mcp/node_modules/@vitest/expect/dist/index.js:1805:21)\n    at _Assertion.propertyGetter (file:///C:/cursor/context7-mcp/node_modules/chai/index.js:1557:27)\n    at Reflect.get (<anonymous>)\n    at Object.proxyGetter [as get] (file:///C:/cursor/context7-mcp/node_modules/chai/index.js:1645:22)\n    at C:\\cursor\\context7-mcp\\tests\\unit\\learning\\DynamicPatternLearner.test.js:461:9\n    at file:///C:/cursor/context7-mcp/node_modules/@vitest/runner/dist/index.js:146:14\n    at file:///C:/cursor/context7-mcp/node_modules/@vitest/runner/dist/index.js:533:11\n    at runWithTimeout (file:///C:/cursor/context7-mcp/node_modules/@vitest/runner/dist/index.js:39:7)\n    at runTest (file:///C:/cursor/context7-mcp/node_modules/@vitest/runner/dist/index.js:1056:17)\n    at runSuite (file:///C:/cursor/context7-mcp/node_modules/@vitest/runner/dist/index.js:1205:15)","Error: promise resolved \"{ success: true, …(3) }\" instead of rejecting\n    at _Assertion.__VITEST_REJECTS__ (file:///C:/cursor/context7-mcp/node_modules/@vitest/expect/dist/index.js:1805:21)\n    at _Assertion.propertyGetter (file:///C:/cursor/context7-mcp/node_modules/chai/index.js:1557:27)\n    at Reflect.get (<anonymous>)\n    at Object.proxyGetter [as get] (file:///C:/cursor/context7-mcp/node_modules/chai/index.js:1645:22)\n    at C:\\cursor\\context7-mcp\\tests\\unit\\learning\\DynamicPatternLearner.test.js:461:9\n    at file:///C:/cursor/context7-mcp/node_modules/@vitest/runner/dist/index.js:146:14\n    at file:///C:/cursor/context7-mcp/node_modules/@vitest/runner/dist/index.js:533:11\n    at runWithTimeout (file:///C:/cursor/context7-mcp/node_modules/@vitest/runner/dist/index.js:39:7)\n    at runTest (file:///C:/cursor/context7-mcp/node_modules/@vitest/runner/dist/index.js:1056:17)\n    at runSuite (file:///C:/cursor/context7-mcp/node_modules/@vitest/runner/dist/index.js:1205:15)","Error: promise resolved \"{ success: true, …(3) }\" instead of rejecting\n    at _Assertion.__VITEST_REJECTS__ (file:///C:/cursor/context7-mcp/node_modules/@vitest/expect/dist/index.js:1805:21)\n    at _Assertion.propertyGetter (file:///C:/cursor/context7-mcp/node_modules/chai/index.js:1557:27)\n    at Reflect.get (<anonymous>)\n    at Object.proxyGetter [as get] (file:///C:/cursor/context7-mcp/node_modules/chai/index.js:1645:22)\n    at C:\\cursor\\context7-mcp\\tests\\unit\\learning\\DynamicPatternLearner.test.js:461:9\n    at file:///C:/cursor/context7-mcp/node_modules/@vitest/runner/dist/index.js:146:14\n    at file:///C:/cursor/context7-mcp/node_modules/@vitest/runner/dist/index.js:533:11\n    at runWithTimeout (file:///C:/cursor/context7-mcp/node_modules/@vitest/runner/dist/index.js:39:7)\n    at runTest (file:///C:/cursor/context7-mcp/node_modules/@vitest/runner/dist/index.js:1056:17)\n    at runSuite (file:///C:/cursor/context7-mcp/node_modules/@vitest/runner/dist/index.js:1205:15)"],"meta":{}},{"ancestorTitles":["DynamicPatternLearner","error handling"],"fullName":"DynamicPatternLearner error handling should handle file system errors","status":"failed","title":"should handle file system errors","duration":20.61519999999996,"failureMessages":["Error: promise resolved \"{ success: true, …(3) }\" instead of rejecting\n    at _Assertion.__VITEST_REJECTS__ (file:///C:/cursor/context7-mcp/node_modules/@vitest/expect/dist/index.js:1805:21)\n    at _Assertion.propertyGetter (file:///C:/cursor/context7-mcp/node_modules/chai/index.js:1557:27)\n    at Reflect.get (<anonymous>)\n    at Object.proxyGetter [as get] (file:///C:/cursor/context7-mcp/node_modules/chai/index.js:1645:22)\n    at C:\\cursor\\context7-mcp\\tests\\unit\\learning\\DynamicPatternLearner.test.js:474:9\n    at file:///C:/cursor/context7-mcp/node_modules/@vitest/runner/dist/index.js:146:14\n    at file:///C:/cursor/context7-mcp/node_modules/@vitest/runner/dist/index.js:533:11\n    at runWithTimeout (file:///C:/cursor/context7-mcp/node_modules/@vitest/runner/dist/index.js:39:7)\n    at runTest (file:///C:/cursor/context7-mcp/node_modules/@vitest/runner/dist/index.js:1056:17)\n    at runSuite (file:///C:/cursor/context7-mcp/node_modules/@vitest/runner/dist/index.js:1205:15)","Error: promise resolved \"{ success: true, …(3) }\" instead of rejecting\n    at _Assertion.__VITEST_REJECTS__ (file:///C:/cursor/context7-mcp/node_modules/@vitest/expect/dist/index.js:1805:21)\n    at _Assertion.propertyGetter (file:///C:/cursor/context7-mcp/node_modules/chai/index.js:1557:27)\n    at Reflect.get (<anonymous>)\n    at Object.proxyGetter [as get] (file:///C:/cursor/context7-mcp/node_modules/chai/index.js:1645:22)\n    at C:\\cursor\\context7-mcp\\tests\\unit\\learning\\DynamicPatternLearner.test.js:474:9\n    at file:///C:/cursor/context7-mcp/node_modules/@vitest/runner/dist/index.js:146:14\n    at file:///C:/cursor/context7-mcp/node_modules/@vitest/runner/dist/index.js:533:11\n    at runWithTimeout (file:///C:/cursor/context7-mcp/node_modules/@vitest/runner/dist/index.js:39:7)\n    at runTest (file:///C:/cursor/context7-mcp/node_modules/@vitest/runner/dist/index.js:1056:17)\n    at runSuite (file:///C:/cursor/context7-mcp/node_modules/@vitest/runner/dist/index.js:1205:15)","Error: promise resolved \"{ success: true, …(3) }\" instead of rejecting\n    at _Assertion.__VITEST_REJECTS__ (file:///C:/cursor/context7-mcp/node_modules/@vitest/expect/dist/index.js:1805:21)\n    at _Assertion.propertyGetter (file:///C:/cursor/context7-mcp/node_modules/chai/index.js:1557:27)\n    at Reflect.get (<anonymous>)\n    at Object.proxyGetter [as get] (file:///C:/cursor/context7-mcp/node_modules/chai/index.js:1645:22)\n    at C:\\cursor\\context7-mcp\\tests\\unit\\learning\\DynamicPatternLearner.test.js:474:9\n    at file:///C:/cursor/context7-mcp/node_modules/@vitest/runner/dist/index.js:146:14\n    at file:///C:/cursor/context7-mcp/node_modules/@vitest/runner/dist/index.js:533:11\n    at runWithTimeout (file:///C:/cursor/context7-mcp/node_modules/@vitest/runner/dist/index.js:39:7)\n    at runTest (file:///C:/cursor/context7-mcp/node_modules/@vitest/runner/dist/index.js:1056:17)\n    at runSuite (file:///C:/cursor/context7-mcp/node_modules/@vitest/runner/dist/index.js:1205:15)"],"meta":{}},{"ancestorTitles":["DynamicPatternLearner","error handling"],"fullName":"DynamicPatternLearner error handling should handle invalid feedback data","status":"passed","title":"should handle invalid feedback data","duration":7.912300000000187,"failureMessages":[],"meta":{}},{"ancestorTitles":["DynamicPatternLearner","performance"],"fullName":"DynamicPatternLearner performance should handle large numbers of patterns efficiently","status":"passed","title":"should handle large numbers of patterns efficiently","duration":186.82680000000005,"failureMessages":[],"meta":{}}],"startTime":1756771080460,"endTime":1756771081010.827,"status":"failed","message":"","name":"C:/cursor/context7-mcp/tests/unit/learning/DynamicPatternLearner.test.js"}]}